2023-11-02 12:01:10 startup archives unpack
2023-11-02 12:01:19 install dotnet-host-7.0:amd64 <none> 7.0.113-0ubuntu1~22.04.1
2023-11-02 12:01:19 status half-installed dotnet-host-7.0:amd64 7.0.113-0ubuntu1~22.04.1
2023-11-02 12:01:20 status triggers-pending man-db:amd64 2.10.2-1
2023-11-02 12:01:21 status unpacked dotnet-host-7.0:amd64 7.0.113-0ubuntu1~22.04.1
2023-11-02 12:01:22 install dotnet-hostfxr-7.0:amd64 <none> 7.0.113-0ubuntu1~22.04.1
2023-11-02 12:01:22 status half-installed dotnet-hostfxr-7.0:amd64 7.0.113-0ubuntu1~22.04.1
2023-11-02 12:01:22 status unpacked dotnet-hostfxr-7.0:amd64 7.0.113-0ubuntu1~22.04.1
2023-11-02 12:01:24 install liblttng-ust-common1:amd64 <none> 2.13.1-1ubuntu1
2023-11-02 12:01:24 status triggers-pending libc-bin:amd64 2.35-0ubuntu3.4
2023-11-02 12:01:24 status half-installed liblttng-ust-common1:amd64 2.13.1-1ubuntu1
2023-11-02 12:01:24 status unpacked liblttng-ust-common1:amd64 2.13.1-1ubuntu1
2023-11-02 12:01:26 install liblttng-ust-ctl5:amd64 <none> 2.13.1-1ubuntu1
2023-11-02 12:01:26 status half-installed liblttng-ust-ctl5:amd64 2.13.1-1ubuntu1
2023-11-02 12:01:26 status unpacked liblttng-ust-ctl5:amd64 2.13.1-1ubuntu1
2023-11-02 12:01:28 install liblttng-ust1:amd64 <none> 2.13.1-1ubuntu1
2023-11-02 12:01:28 status half-installed liblttng-ust1:amd64 2.13.1-1ubuntu1
2023-11-02 12:01:29 status unpacked liblttng-ust1:amd64 2.13.1-1ubuntu1
2023-11-02 12:01:29 install dotnet-runtime-7.0:amd64 <none> 7.0.113-0ubuntu1~22.04.1
2023-11-02 12:01:29 status half-installed dotnet-runtime-7.0:amd64 7.0.113-0ubuntu1~22.04.1
2023-11-02 12:01:31 status unpacked dotnet-runtime-7.0:amd64 7.0.113-0ubuntu1~22.04.1
2023-11-02 12:01:32 install aspnetcore-runtime-7.0:amd64 <none> 7.0.113-0ubuntu1~22.04.1
2023-11-02 12:01:32 status half-installed aspnetcore-runtime-7.0:amd64 7.0.113-0ubuntu1~22.04.1
2023-11-02 12:01:34 status unpacked aspnetcore-runtime-7.0:amd64 7.0.113-0ubuntu1~22.04.1
2023-11-02 12:01:34 install aspnetcore-targeting-pack-7.0:amd64 <none> 7.0.113-0ubuntu1~22.04.1
2023-11-02 12:01:34 status half-installed aspnetcore-targeting-pack-7.0:amd64 7.0.113-0ubuntu1~22.04.1
2023-11-02 12:01:35 status unpacked aspnetcore-targeting-pack-7.0:amd64 7.0.113-0ubuntu1~22.04.1
2023-11-02 12:01:35 install dotnet-apphost-pack-7.0:amd64 <none> 7.0.113-0ubuntu1~22.04.1
2023-11-02 12:01:35 status half-installed dotnet-apphost-pack-7.0:amd64 7.0.113-0ubuntu1~22.04.1
2023-11-02 12:01:36 status unpacked dotnet-apphost-pack-7.0:amd64 7.0.113-0ubuntu1~22.04.1
2023-11-02 12:01:36 install dotnet-targeting-pack-7.0:amd64 <none> 7.0.113-0ubuntu1~22.04.1
2023-11-02 12:01:36 status half-installed dotnet-targeting-pack-7.0:amd64 7.0.113-0ubuntu1~22.04.1
2023-11-02 12:01:38 status unpacked dotnet-targeting-pack-7.0:amd64 7.0.113-0ubuntu1~22.04.1
2023-11-02 12:01:38 install dotnet-templates-7.0:amd64 <none> 7.0.113-0ubuntu1~22.04.1
2023-11-02 12:01:38 status half-installed dotnet-templates-7.0:amd64 7.0.113-0ubuntu1~22.04.1
2023-11-02 12:01:39 status unpacked dotnet-templates-7.0:amd64 7.0.113-0ubuntu1~22.04.1
2023-11-02 12:01:39 install netstandard-targeting-pack-2.1-7.0:amd64 <none> 7.0.113-0ubuntu1~22.04.1
2023-11-02 12:01:39 status half-installed netstandard-targeting-pack-2.1-7.0:amd64 7.0.113-0ubuntu1~22.04.1
2023-11-02 12:01:40 status unpacked netstandard-targeting-pack-2.1-7.0:amd64 7.0.113-0ubuntu1~22.04.1
2023-11-02 12:01:40 install dotnet-sdk-7.0:amd64 <none> 7.0.113-0ubuntu1~22.04.1
2023-11-02 12:01:40 status half-installed dotnet-sdk-7.0:amd64 7.0.113-0ubuntu1~22.04.1
2023-11-02 12:01:46 status unpacked dotnet-sdk-7.0:amd64 7.0.113-0ubuntu1~22.04.1
2023-11-02 12:01:46 startup packages configure
2023-11-02 12:01:46 configure aspnetcore-targeting-pack-7.0:amd64 7.0.113-0ubuntu1~22.04.1 <none>
2023-11-02 12:01:46 status unpacked aspnetcore-targeting-pack-7.0:amd64 7.0.113-0ubuntu1~22.04.1
2023-11-02 12:01:46 status half-configured aspnetcore-targeting-pack-7.0:amd64 7.0.113-0ubuntu1~22.04.1
2023-11-02 12:01:46 status installed aspnetcore-targeting-pack-7.0:amd64 7.0.113-0ubuntu1~22.04.1
2023-11-02 12:01:46 configure liblttng-ust-common1:amd64 2.13.1-1ubuntu1 <none>
2023-11-02 12:01:46 status unpacked liblttng-ust-common1:amd64 2.13.1-1ubuntu1
2023-11-02 12:01:46 status half-configured liblttng-ust-common1:amd64 2.13.1-1ubuntu1
2023-11-02 12:01:47 status installed liblttng-ust-common1:amd64 2.13.1-1ubuntu1
2023-11-02 12:01:47 configure dotnet-host-7.0:amd64 7.0.113-0ubuntu1~22.04.1 <none>
2023-11-02 12:01:47 status unpacked dotnet-host-7.0:amd64 7.0.113-0ubuntu1~22.04.1
2023-11-02 12:01:47 status half-configured dotnet-host-7.0:amd64 7.0.113-0ubuntu1~22.04.1
2023-11-02 12:01:48 status installed dotnet-host-7.0:amd64 7.0.113-0ubuntu1~22.04.1
2023-11-02 12:01:48 configure dotnet-templates-7.0:amd64 7.0.113-0ubuntu1~22.04.1 <none>
2023-11-02 12:01:48 status unpacked dotnet-templates-7.0:amd64 7.0.113-0ubuntu1~22.04.1
2023-11-02 12:01:48 status half-configured dotnet-templates-7.0:amd64 7.0.113-0ubuntu1~22.04.1
2023-11-02 12:01:49 status installed dotnet-templates-7.0:amd64 7.0.113-0ubuntu1~22.04.1
2023-11-02 12:01:49 configure dotnet-targeting-pack-7.0:amd64 7.0.113-0ubuntu1~22.04.1 <none>
2023-11-02 12:01:49 status unpacked dotnet-targeting-pack-7.0:amd64 7.0.113-0ubuntu1~22.04.1
2023-11-02 12:01:49 status half-configured dotnet-targeting-pack-7.0:amd64 7.0.113-0ubuntu1~22.04.1
2023-11-02 12:01:49 status installed dotnet-targeting-pack-7.0:amd64 7.0.113-0ubuntu1~22.04.1
2023-11-02 12:01:49 configure dotnet-apphost-pack-7.0:amd64 7.0.113-0ubuntu1~22.04.1 <none>
2023-11-02 12:01:49 status unpacked dotnet-apphost-pack-7.0:amd64 7.0.113-0ubuntu1~22.04.1
2023-11-02 12:01:50 status half-configured dotnet-apphost-pack-7.0:amd64 7.0.113-0ubuntu1~22.04.1
2023-11-02 12:01:50 status installed dotnet-apphost-pack-7.0:amd64 7.0.113-0ubuntu1~22.04.1
2023-11-02 12:01:50 configure liblttng-ust-ctl5:amd64 2.13.1-1ubuntu1 <none>
2023-11-02 12:01:50 status unpacked liblttng-ust-ctl5:amd64 2.13.1-1ubuntu1
2023-11-02 12:01:50 status half-configured liblttng-ust-ctl5:amd64 2.13.1-1ubuntu1
2023-11-02 12:01:50 status installed liblttng-ust-ctl5:amd64 2.13.1-1ubuntu1
2023-11-02 12:01:50 configure netstandard-targeting-pack-2.1-7.0:amd64 7.0.113-0ubuntu1~22.04.1 <none>
2023-11-02 12:01:50 status unpacked netstandard-targeting-pack-2.1-7.0:amd64 7.0.113-0ubuntu1~22.04.1
2023-11-02 12:01:50 status half-configured netstandard-targeting-pack-2.1-7.0:amd64 7.0.113-0ubuntu1~22.04.1
2023-11-02 12:01:51 status installed netstandard-targeting-pack-2.1-7.0:amd64 7.0.113-0ubuntu1~22.04.1
2023-11-02 12:01:51 configure dotnet-hostfxr-7.0:amd64 7.0.113-0ubuntu1~22.04.1 <none>
2023-11-02 12:01:51 status unpacked dotnet-hostfxr-7.0:amd64 7.0.113-0ubuntu1~22.04.1
2023-11-02 12:01:51 status half-configured dotnet-hostfxr-7.0:amd64 7.0.113-0ubuntu1~22.04.1
2023-11-02 12:01:51 status installed dotnet-hostfxr-7.0:amd64 7.0.113-0ubuntu1~22.04.1
2023-11-02 12:01:51 configure liblttng-ust1:amd64 2.13.1-1ubuntu1 <none>
2023-11-02 12:01:51 status unpacked liblttng-ust1:amd64 2.13.1-1ubuntu1
2023-11-02 12:01:51 status half-configured liblttng-ust1:amd64 2.13.1-1ubuntu1
2023-11-02 12:01:51 status installed liblttng-ust1:amd64 2.13.1-1ubuntu1
2023-11-02 12:01:51 configure dotnet-runtime-7.0:amd64 7.0.113-0ubuntu1~22.04.1 <none>
2023-11-02 12:01:51 status unpacked dotnet-runtime-7.0:amd64 7.0.113-0ubuntu1~22.04.1
2023-11-02 12:01:51 status half-configured dotnet-runtime-7.0:amd64 7.0.113-0ubuntu1~22.04.1
2023-11-02 12:01:52 status installed dotnet-runtime-7.0:amd64 7.0.113-0ubuntu1~22.04.1
2023-11-02 12:01:52 configure aspnetcore-runtime-7.0:amd64 7.0.113-0ubuntu1~22.04.1 <none>
2023-11-02 12:01:52 status unpacked aspnetcore-runtime-7.0:amd64 7.0.113-0ubuntu1~22.04.1
2023-11-02 12:01:52 status half-configured aspnetcore-runtime-7.0:amd64 7.0.113-0ubuntu1~22.04.1
2023-11-02 12:01:52 status installed aspnetcore-runtime-7.0:amd64 7.0.113-0ubuntu1~22.04.1
2023-11-02 12:01:52 configure dotnet-sdk-7.0:amd64 7.0.113-0ubuntu1~22.04.1 <none>
2023-11-02 12:01:52 status unpacked dotnet-sdk-7.0:amd64 7.0.113-0ubuntu1~22.04.1
2023-11-02 12:01:52 status half-configured dotnet-sdk-7.0:amd64 7.0.113-0ubuntu1~22.04.1
2023-11-02 12:01:52 status installed dotnet-sdk-7.0:amd64 7.0.113-0ubuntu1~22.04.1
2023-11-02 12:01:52 trigproc man-db:amd64 2.10.2-1 <none>
2023-11-02 12:01:52 status half-configured man-db:amd64 2.10.2-1
2023-11-02 12:01:55 status installed man-db:amd64 2.10.2-1
2023-11-02 12:01:55 trigproc libc-bin:amd64 2.35-0ubuntu3.4 <none>
2023-11-02 12:01:55 status half-configured libc-bin:amd64 2.35-0ubuntu3.4
2023-11-02 12:01:56 status installed libc-bin:amd64 2.35-0ubuntu3.4
2023-11-03 13:29:31 startup archives unpack
2023-11-03 13:30:01 upgrade thunderbird-locale-en:amd64 1:115.3.1+build1-0ubuntu0.22.04.2 1:115.4.1+build1-0ubuntu0.22.04.1
2023-11-03 13:30:01 status half-configured thunderbird-locale-en:amd64 1:115.3.1+build1-0ubuntu0.22.04.2
2023-11-03 13:30:01 status unpacked thunderbird-locale-en:amd64 1:115.3.1+build1-0ubuntu0.22.04.2
2023-11-03 13:30:02 status half-installed thunderbird-locale-en:amd64 1:115.3.1+build1-0ubuntu0.22.04.2
2023-11-03 13:30:03 status unpacked thunderbird-locale-en:amd64 1:115.4.1+build1-0ubuntu0.22.04.1
2023-11-03 13:30:05 upgrade thunderbird:amd64 1:115.3.1+build1-0ubuntu0.22.04.2 1:115.4.1+build1-0ubuntu0.22.04.1
2023-11-03 13:30:05 status half-configured thunderbird:amd64 1:115.3.1+build1-0ubuntu0.22.04.2
2023-11-03 13:30:06 status unpacked thunderbird:amd64 1:115.3.1+build1-0ubuntu0.22.04.2
2023-11-03 13:30:06 status half-installed thunderbird:amd64 1:115.3.1+build1-0ubuntu0.22.04.2
2023-11-03 13:30:17 status triggers-pending mailcap:all 3.70+nmu1ubuntu1
2023-11-03 13:30:17 status triggers-pending gnome-menus:amd64 3.36.0-1ubuntu3
2023-11-03 13:30:17 status triggers-pending desktop-file-utils:amd64 0.26-1ubuntu3
2023-11-03 13:30:18 status triggers-pending hicolor-icon-theme:all 0.17-2
2023-11-03 13:30:19 status triggers-pending man-db:amd64 2.10.2-1
2023-11-03 13:30:21 status unpacked thunderbird:amd64 1:115.4.1+build1-0ubuntu0.22.04.1
2023-11-03 13:30:22 upgrade thunderbird-gnome-support:amd64 1:115.3.1+build1-0ubuntu0.22.04.2 1:115.4.1+build1-0ubuntu0.22.04.1
2023-11-03 13:30:22 status half-configured thunderbird-gnome-support:amd64 1:115.3.1+build1-0ubuntu0.22.04.2
2023-11-03 13:30:23 status unpacked thunderbird-gnome-support:amd64 1:115.3.1+build1-0ubuntu0.22.04.2
2023-11-03 13:30:23 status half-installed thunderbird-gnome-support:amd64 1:115.3.1+build1-0ubuntu0.22.04.2
2023-11-03 13:30:24 status unpacked thunderbird-gnome-support:amd64 1:115.4.1+build1-0ubuntu0.22.04.1
2023-11-03 13:30:25 startup packages configure
2023-11-03 13:30:25 configure thunderbird:amd64 1:115.4.1+build1-0ubuntu0.22.04.1 <none>
2023-11-03 13:30:25 status unpacked thunderbird:amd64 1:115.4.1+build1-0ubuntu0.22.04.1
2023-11-03 13:30:27 status half-configured thunderbird:amd64 1:115.4.1+build1-0ubuntu0.22.04.1
2023-11-03 13:30:27 status installed thunderbird:amd64 1:115.4.1+build1-0ubuntu0.22.04.1
2023-11-03 13:30:27 configure thunderbird-locale-en:amd64 1:115.4.1+build1-0ubuntu0.22.04.1 <none>
2023-11-03 13:30:27 status unpacked thunderbird-locale-en:amd64 1:115.4.1+build1-0ubuntu0.22.04.1
2023-11-03 13:30:28 status half-configured thunderbird-locale-en:amd64 1:115.4.1+build1-0ubuntu0.22.04.1
2023-11-03 13:30:28 status installed thunderbird-locale-en:amd64 1:115.4.1+build1-0ubuntu0.22.04.1
2023-11-03 13:30:28 configure thunderbird-gnome-support:amd64 1:115.4.1+build1-0ubuntu0.22.04.1 <none>
2023-11-03 13:30:28 status unpacked thunderbird-gnome-support:amd64 1:115.4.1+build1-0ubuntu0.22.04.1
2023-11-03 13:30:29 status half-configured thunderbird-gnome-support:amd64 1:115.4.1+build1-0ubuntu0.22.04.1
2023-11-03 13:30:29 status installed thunderbird-gnome-support:amd64 1:115.4.1+build1-0ubuntu0.22.04.1
2023-11-03 13:30:29 trigproc desktop-file-utils:amd64 0.26-1ubuntu3 <none>
2023-11-03 13:30:29 status half-configured desktop-file-utils:amd64 0.26-1ubuntu3
2023-11-03 13:30:30 status installed desktop-file-utils:amd64 0.26-1ubuntu3
2023-11-03 13:30:30 trigproc hicolor-icon-theme:all 0.17-2 <none>
2023-11-03 13:30:30 status half-configured hicolor-icon-theme:all 0.17-2
2023-11-03 13:30:32 status installed hicolor-icon-theme:all 0.17-2
2023-11-03 13:30:33 trigproc gnome-menus:amd64 3.36.0-1ubuntu3 <none>
2023-11-03 13:30:33 status half-configured gnome-menus:amd64 3.36.0-1ubuntu3
2023-11-03 13:30:33 status installed gnome-menus:amd64 3.36.0-1ubuntu3
2023-11-03 13:30:33 trigproc man-db:amd64 2.10.2-1 <none>
2023-11-03 13:30:33 status half-configured man-db:amd64 2.10.2-1
2023-11-03 13:30:43 status installed man-db:amd64 2.10.2-1
2023-11-03 13:30:44 trigproc mailcap:all 3.70+nmu1ubuntu1 <none>
2023-11-03 13:30:44 status half-configured mailcap:all 3.70+nmu1ubuntu1
2023-11-03 13:30:45 status installed mailcap:all 3.70+nmu1ubuntu1
2023-11-03 13:30:54 startup archives unpack
2023-11-03 13:30:55 upgrade nodejs:amd64 12.22.9~dfsg-1ubuntu3 12.22.9~dfsg-1ubuntu3.1
2023-11-03 13:30:55 status half-configured nodejs:amd64 12.22.9~dfsg-1ubuntu3
2023-11-03 13:30:56 status unpacked nodejs:amd64 12.22.9~dfsg-1ubuntu3
2023-11-03 13:30:56 status half-installed nodejs:amd64 12.22.9~dfsg-1ubuntu3
2023-11-03 13:30:56 status triggers-pending man-db:amd64 2.10.2-1
2023-11-03 13:30:59 status unpacked nodejs:amd64 12.22.9~dfsg-1ubuntu3.1
2023-11-03 13:31:01 upgrade libnode-dev:amd64 12.22.9~dfsg-1ubuntu3 12.22.9~dfsg-1ubuntu3.1
2023-11-03 13:31:01 status half-configured libnode-dev:amd64 12.22.9~dfsg-1ubuntu3
2023-11-03 13:31:01 status unpacked libnode-dev:amd64 12.22.9~dfsg-1ubuntu3
2023-11-03 13:31:01 status half-installed libnode-dev:amd64 12.22.9~dfsg-1ubuntu3
2023-11-03 13:31:17 status unpacked libnode-dev:amd64 12.22.9~dfsg-1ubuntu3.1
2023-11-03 13:31:18 upgrade libnode72:amd64 12.22.9~dfsg-1ubuntu3 12.22.9~dfsg-1ubuntu3.1
2023-11-03 13:31:18 status triggers-pending libc-bin:amd64 2.35-0ubuntu3.4
2023-11-03 13:31:18 status half-configured libnode72:amd64 12.22.9~dfsg-1ubuntu3
2023-11-03 13:31:19 status unpacked libnode72:amd64 12.22.9~dfsg-1ubuntu3
2023-11-03 13:31:20 status half-installed libnode72:amd64 12.22.9~dfsg-1ubuntu3
2023-11-03 13:31:23 status unpacked libnode72:amd64 12.22.9~dfsg-1ubuntu3.1
2023-11-03 13:31:25 startup packages configure
2023-11-03 13:31:25 configure libnode72:amd64 12.22.9~dfsg-1ubuntu3.1 <none>
2023-11-03 13:31:25 status unpacked libnode72:amd64 12.22.9~dfsg-1ubuntu3.1
2023-11-03 13:31:25 status half-configured libnode72:amd64 12.22.9~dfsg-1ubuntu3.1
2023-11-03 13:31:25 status installed libnode72:amd64 12.22.9~dfsg-1ubuntu3.1
2023-11-03 13:31:25 configure libnode-dev:amd64 12.22.9~dfsg-1ubuntu3.1 <none>
2023-11-03 13:31:25 status unpacked libnode-dev:amd64 12.22.9~dfsg-1ubuntu3.1
2023-11-03 13:31:26 status half-configured libnode-dev:amd64 12.22.9~dfsg-1ubuntu3.1
2023-11-03 13:31:26 status installed libnode-dev:amd64 12.22.9~dfsg-1ubuntu3.1
2023-11-03 13:31:27 configure nodejs:amd64 12.22.9~dfsg-1ubuntu3.1 <none>
2023-11-03 13:31:27 status unpacked nodejs:amd64 12.22.9~dfsg-1ubuntu3.1
2023-11-03 13:31:27 status half-configured nodejs:amd64 12.22.9~dfsg-1ubuntu3.1
2023-11-03 13:31:31 status installed nodejs:amd64 12.22.9~dfsg-1ubuntu3.1
2023-11-03 13:31:31 trigproc libc-bin:amd64 2.35-0ubuntu3.4 <none>
2023-11-03 13:31:31 status half-configured libc-bin:amd64 2.35-0ubuntu3.4
2023-11-03 13:31:33 status installed libc-bin:amd64 2.35-0ubuntu3.4
2023-11-03 13:31:33 trigproc man-db:amd64 2.10.2-1 <none>
2023-11-03 13:31:33 status half-configured man-db:amd64 2.10.2-1
2023-11-03 13:31:38 status installed man-db:amd64 2.10.2-1
2023-11-03 13:31:50 startup archives unpack
2023-11-03 13:31:51 install linux-modules-6.2.0-36-generic:amd64 <none> 6.2.0-36.37~22.04.1
2023-11-03 13:31:51 status half-installed linux-modules-6.2.0-36-generic:amd64 6.2.0-36.37~22.04.1
2023-11-03 13:32:01 status unpacked linux-modules-6.2.0-36-generic:amd64 6.2.0-36.37~22.04.1
2023-11-03 13:32:05 install linux-image-6.2.0-36-generic:amd64 <none> 6.2.0-36.37~22.04.1
2023-11-03 13:32:05 status half-installed linux-image-6.2.0-36-generic:amd64 6.2.0-36.37~22.04.1
2023-11-03 13:32:11 status unpacked linux-image-6.2.0-36-generic:amd64 6.2.0-36.37~22.04.1
2023-11-03 13:32:15 install linux-modules-extra-6.2.0-36-generic:amd64 <none> 6.2.0-36.37~22.04.1
2023-11-03 13:32:15 status half-installed linux-modules-extra-6.2.0-36-generic:amd64 6.2.0-36.37~22.04.1
2023-11-03 13:34:32 status unpacked linux-modules-extra-6.2.0-36-generic:amd64 6.2.0-36.37~22.04.1
2023-11-03 13:34:34 upgrade linux-generic-hwe-22.04:amd64 6.2.0.35.35~22.04.13 6.2.0.36.37~22.04.14
2023-11-03 13:34:34 status half-configured linux-generic-hwe-22.04:amd64 6.2.0.35.35~22.04.13
2023-11-03 13:34:34 status unpacked linux-generic-hwe-22.04:amd64 6.2.0.35.35~22.04.13
2023-11-03 13:34:35 status half-installed linux-generic-hwe-22.04:amd64 6.2.0.35.35~22.04.13
2023-11-03 13:34:37 status unpacked linux-generic-hwe-22.04:amd64 6.2.0.36.37~22.04.14
2023-11-03 13:34:39 upgrade linux-image-generic-hwe-22.04:amd64 6.2.0.35.35~22.04.13 6.2.0.36.37~22.04.14
2023-11-03 13:34:39 status half-configured linux-image-generic-hwe-22.04:amd64 6.2.0.35.35~22.04.13
2023-11-03 13:34:40 status unpacked linux-image-generic-hwe-22.04:amd64 6.2.0.35.35~22.04.13
2023-11-03 13:34:40 status half-installed linux-image-generic-hwe-22.04:amd64 6.2.0.35.35~22.04.13
2023-11-03 13:34:43 status unpacked linux-image-generic-hwe-22.04:amd64 6.2.0.36.37~22.04.14
2023-11-03 13:34:45 install linux-hwe-6.2-headers-6.2.0-36:all <none> 6.2.0-36.37~22.04.1
2023-11-03 13:34:45 status half-installed linux-hwe-6.2-headers-6.2.0-36:all 6.2.0-36.37~22.04.1
2023-11-03 13:37:12 status unpacked linux-hwe-6.2-headers-6.2.0-36:all 6.2.0-36.37~22.04.1
2023-11-03 13:37:16 install linux-headers-6.2.0-36-generic:amd64 <none> 6.2.0-36.37~22.04.1
2023-11-03 13:37:16 status half-installed linux-headers-6.2.0-36-generic:amd64 6.2.0-36.37~22.04.1
2023-11-03 13:37:43 status unpacked linux-headers-6.2.0-36-generic:amd64 6.2.0-36.37~22.04.1
2023-11-03 13:37:44 upgrade linux-headers-generic-hwe-22.04:amd64 6.2.0.35.35~22.04.13 6.2.0.36.37~22.04.14
2023-11-03 13:37:44 status half-configured linux-headers-generic-hwe-22.04:amd64 6.2.0.35.35~22.04.13
2023-11-03 13:37:44 status unpacked linux-headers-generic-hwe-22.04:amd64 6.2.0.35.35~22.04.13
2023-11-03 13:37:45 status half-installed linux-headers-generic-hwe-22.04:amd64 6.2.0.35.35~22.04.13
2023-11-03 13:37:46 status unpacked linux-headers-generic-hwe-22.04:amd64 6.2.0.36.37~22.04.14
2023-11-03 13:37:48 startup packages configure
2023-11-03 13:37:48 configure linux-modules-6.2.0-36-generic:amd64 6.2.0-36.37~22.04.1 <none>
2023-11-03 13:37:48 status unpacked linux-modules-6.2.0-36-generic:amd64 6.2.0-36.37~22.04.1
2023-11-03 13:37:48 status half-configured linux-modules-6.2.0-36-generic:amd64 6.2.0-36.37~22.04.1
2023-11-03 13:37:57 status installed linux-modules-6.2.0-36-generic:amd64 6.2.0-36.37~22.04.1
2023-11-03 13:37:57 configure linux-image-6.2.0-36-generic:amd64 6.2.0-36.37~22.04.1 <none>
2023-11-03 13:37:57 status unpacked linux-image-6.2.0-36-generic:amd64 6.2.0-36.37~22.04.1
2023-11-03 13:37:57 status half-configured linux-image-6.2.0-36-generic:amd64 6.2.0-36.37~22.04.1
2023-11-03 13:38:06 status installed linux-image-6.2.0-36-generic:amd64 6.2.0-36.37~22.04.1
2023-11-03 13:38:06 status triggers-pending linux-image-6.2.0-36-generic:amd64 6.2.0-36.37~22.04.1
2023-11-03 13:38:06 configure linux-hwe-6.2-headers-6.2.0-36:all 6.2.0-36.37~22.04.1 <none>
2023-11-03 13:38:06 status unpacked linux-hwe-6.2-headers-6.2.0-36:all 6.2.0-36.37~22.04.1
2023-11-03 13:38:06 status half-configured linux-hwe-6.2-headers-6.2.0-36:all 6.2.0-36.37~22.04.1
2023-11-03 13:38:06 status installed linux-hwe-6.2-headers-6.2.0-36:all 6.2.0-36.37~22.04.1
2023-11-03 13:38:07 configure linux-headers-6.2.0-36-generic:amd64 6.2.0-36.37~22.04.1 <none>
2023-11-03 13:38:07 status unpacked linux-headers-6.2.0-36-generic:amd64 6.2.0-36.37~22.04.1
2023-11-03 13:38:07 status half-configured linux-headers-6.2.0-36-generic:amd64 6.2.0-36.37~22.04.1
2023-11-03 13:38:07 status installed linux-headers-6.2.0-36-generic:amd64 6.2.0-36.37~22.04.1
2023-11-03 13:38:07 configure linux-modules-extra-6.2.0-36-generic:amd64 6.2.0-36.37~22.04.1 <none>
2023-11-03 13:38:07 status unpacked linux-modules-extra-6.2.0-36-generic:amd64 6.2.0-36.37~22.04.1
2023-11-03 13:38:08 status half-configured linux-modules-extra-6.2.0-36-generic:amd64 6.2.0-36.37~22.04.1
2023-11-03 13:38:14 status installed linux-modules-extra-6.2.0-36-generic:amd64 6.2.0-36.37~22.04.1
2023-11-03 13:38:14 configure linux-headers-generic-hwe-22.04:amd64 6.2.0.36.37~22.04.14 <none>
2023-11-03 13:38:14 status unpacked linux-headers-generic-hwe-22.04:amd64 6.2.0.36.37~22.04.14
2023-11-03 13:38:15 status half-configured linux-headers-generic-hwe-22.04:amd64 6.2.0.36.37~22.04.14
2023-11-03 13:38:15 status installed linux-headers-generic-hwe-22.04:amd64 6.2.0.36.37~22.04.14
2023-11-03 13:38:15 configure linux-image-generic-hwe-22.04:amd64 6.2.0.36.37~22.04.14 <none>
2023-11-03 13:38:15 status unpacked linux-image-generic-hwe-22.04:amd64 6.2.0.36.37~22.04.14
2023-11-03 13:38:15 status half-configured linux-image-generic-hwe-22.04:amd64 6.2.0.36.37~22.04.14
2023-11-03 13:38:15 status installed linux-image-generic-hwe-22.04:amd64 6.2.0.36.37~22.04.14
2023-11-03 13:38:16 configure linux-generic-hwe-22.04:amd64 6.2.0.36.37~22.04.14 <none>
2023-11-03 13:38:16 status unpacked linux-generic-hwe-22.04:amd64 6.2.0.36.37~22.04.14
2023-11-03 13:38:16 status half-configured linux-generic-hwe-22.04:amd64 6.2.0.36.37~22.04.14
2023-11-03 13:38:16 status installed linux-generic-hwe-22.04:amd64 6.2.0.36.37~22.04.14
2023-11-03 13:38:16 trigproc linux-image-6.2.0-36-generic:amd64 6.2.0-36.37~22.04.1 <none>
2023-11-03 13:38:16 status half-configured linux-image-6.2.0-36-generic:amd64 6.2.0-36.37~22.04.1
2023-11-03 13:40:39 status installed linux-image-6.2.0-36-generic:amd64 6.2.0-36.37~22.04.1
2023-11-03 13:40:54 startup archives unpack
2023-11-03 13:40:54 upgrade linux-libc-dev:amd64 5.15.0-87.97 5.15.0-88.98
2023-11-03 13:40:54 status half-configured linux-libc-dev:amd64 5.15.0-87.97
2023-11-03 13:40:55 status unpacked linux-libc-dev:amd64 5.15.0-87.97
2023-11-03 13:40:55 status half-installed linux-libc-dev:amd64 5.15.0-87.97
2023-11-03 13:41:02 status unpacked linux-libc-dev:amd64 5.15.0-88.98
2023-11-03 13:41:04 startup packages configure
2023-11-03 13:41:04 configure linux-libc-dev:amd64 5.15.0-88.98 <none>
2023-11-03 13:41:04 status unpacked linux-libc-dev:amd64 5.15.0-88.98
2023-11-03 13:41:04 status half-configured linux-libc-dev:amd64 5.15.0-88.98
2023-11-03 13:41:04 status installed linux-libc-dev:amd64 5.15.0-88.98
2023-11-03 13:41:12 startup archives unpack
2023-11-03 13:41:13 upgrade mysql-client-8.0:amd64 8.0.34-0ubuntu0.22.04.1 8.0.35-0ubuntu0.22.04.1
2023-11-03 13:41:13 status half-configured mysql-client-8.0:amd64 8.0.34-0ubuntu0.22.04.1
2023-11-03 13:41:13 status unpacked mysql-client-8.0:amd64 8.0.34-0ubuntu0.22.04.1
2023-11-03 13:41:14 status half-installed mysql-client-8.0:amd64 8.0.34-0ubuntu0.22.04.1
2023-11-03 13:41:14 status triggers-pending man-db:amd64 2.10.2-1
2023-11-03 13:41:17 status unpacked mysql-client-8.0:amd64 8.0.35-0ubuntu0.22.04.1
2023-11-03 13:41:17 startup packages configure
2023-11-03 13:41:17 configure mysql-client-8.0:amd64 8.0.35-0ubuntu0.22.04.1 <none>
2023-11-03 13:41:17 status unpacked mysql-client-8.0:amd64 8.0.35-0ubuntu0.22.04.1
2023-11-03 13:41:18 status half-configured mysql-client-8.0:amd64 8.0.35-0ubuntu0.22.04.1
2023-11-03 13:41:18 status installed mysql-client-8.0:amd64 8.0.35-0ubuntu0.22.04.1
2023-11-03 13:41:18 trigproc man-db:amd64 2.10.2-1 <none>
2023-11-03 13:41:18 status half-configured man-db:amd64 2.10.2-1
2023-11-03 13:41:22 status installed man-db:amd64 2.10.2-1
2023-11-03 13:41:32 startup archives unpack
2023-11-03 13:41:33 upgrade mysql-client-core-8.0:amd64 8.0.34-0ubuntu0.22.04.1 8.0.35-0ubuntu0.22.04.1
2023-11-03 13:41:33 status half-configured mysql-client-core-8.0:amd64 8.0.34-0ubuntu0.22.04.1
2023-11-03 13:41:33 status unpacked mysql-client-core-8.0:amd64 8.0.34-0ubuntu0.22.04.1
2023-11-03 13:41:33 status half-installed mysql-client-core-8.0:amd64 8.0.34-0ubuntu0.22.04.1
2023-11-03 13:41:35 status triggers-pending man-db:amd64 2.10.2-1
2023-11-03 13:41:36 status unpacked mysql-client-core-8.0:amd64 8.0.35-0ubuntu0.22.04.1
2023-11-03 13:41:38 startup packages configure
2023-11-03 13:41:38 configure mysql-client-core-8.0:amd64 8.0.35-0ubuntu0.22.04.1 <none>
2023-11-03 13:41:38 status unpacked mysql-client-core-8.0:amd64 8.0.35-0ubuntu0.22.04.1
2023-11-03 13:41:39 status half-configured mysql-client-core-8.0:amd64 8.0.35-0ubuntu0.22.04.1
2023-11-03 13:41:39 status installed mysql-client-core-8.0:amd64 8.0.35-0ubuntu0.22.04.1
2023-11-03 13:41:39 trigproc man-db:amd64 2.10.2-1 <none>
2023-11-03 13:41:39 status half-configured man-db:amd64 2.10.2-1
2023-11-03 13:41:46 status installed man-db:amd64 2.10.2-1
2023-11-03 13:41:58 startup archives unpack
2023-11-03 13:42:01 upgrade mysql-server-8.0:amd64 8.0.34-0ubuntu0.22.04.1 8.0.35-0ubuntu0.22.04.1
2023-11-03 13:42:01 status half-configured mysql-server-8.0:amd64 8.0.34-0ubuntu0.22.04.1
2023-11-03 13:42:02 status unpacked mysql-server-8.0:amd64 8.0.34-0ubuntu0.22.04.1
2023-11-03 13:42:03 status half-installed mysql-server-8.0:amd64 8.0.34-0ubuntu0.22.04.1
2023-11-03 13:42:10 status unpacked mysql-server-8.0:amd64 8.0.35-0ubuntu0.22.04.1
2023-11-03 13:42:11 upgrade mysql-server-core-8.0:amd64 8.0.34-0ubuntu0.22.04.1 8.0.35-0ubuntu0.22.04.1
2023-11-03 13:42:11 status half-configured mysql-server-core-8.0:amd64 8.0.34-0ubuntu0.22.04.1
2023-11-03 13:42:12 status unpacked mysql-server-core-8.0:amd64 8.0.34-0ubuntu0.22.04.1
2023-11-03 13:42:12 status half-installed mysql-server-core-8.0:amd64 8.0.34-0ubuntu0.22.04.1
2023-11-03 13:42:16 status triggers-pending man-db:amd64 2.10.2-1
2023-11-03 13:42:18 status unpacked mysql-server-core-8.0:amd64 8.0.35-0ubuntu0.22.04.1
2023-11-03 13:42:19 startup packages configure
2023-11-03 13:42:19 configure mysql-server-core-8.0:amd64 8.0.35-0ubuntu0.22.04.1 <none>
2023-11-03 13:42:19 status unpacked mysql-server-core-8.0:amd64 8.0.35-0ubuntu0.22.04.1
2023-11-03 13:42:20 status half-configured mysql-server-core-8.0:amd64 8.0.35-0ubuntu0.22.04.1
2023-11-03 13:42:20 status installed mysql-server-core-8.0:amd64 8.0.35-0ubuntu0.22.04.1
2023-11-03 13:42:20 configure mysql-server-8.0:amd64 8.0.35-0ubuntu0.22.04.1 <none>
2023-11-03 13:42:20 status unpacked mysql-server-8.0:amd64 8.0.35-0ubuntu0.22.04.1
2023-11-03 13:42:24 status half-configured mysql-server-8.0:amd64 8.0.35-0ubuntu0.22.04.1
2023-11-03 13:54:53 status installed mysql-server-8.0:amd64 8.0.35-0ubuntu0.22.04.1
2023-11-03 13:54:54 trigproc man-db:amd64 2.10.2-1 <none>
2023-11-03 13:54:54 status half-configured man-db:amd64 2.10.2-1
2023-11-03 13:55:02 status installed man-db:amd64 2.10.2-1
2023-11-03 13:55:24 startup archives unpack
2023-11-03 13:55:38 upgrade mysql-server:all 8.0.34-0ubuntu0.22.04.1 8.0.35-0ubuntu0.22.04.1
2023-11-03 13:55:38 status half-configured mysql-server:all 8.0.34-0ubuntu0.22.04.1
2023-11-03 13:55:38 status unpacked mysql-server:all 8.0.34-0ubuntu0.22.04.1
2023-11-03 13:55:38 status half-installed mysql-server:all 8.0.34-0ubuntu0.22.04.1
2023-11-03 13:55:40 status unpacked mysql-server:all 8.0.35-0ubuntu0.22.04.1
2023-11-03 13:55:41 startup packages configure
2023-11-03 13:55:41 configure mysql-server:all 8.0.35-0ubuntu0.22.04.1 <none>
2023-11-03 13:55:41 status unpacked mysql-server:all 8.0.35-0ubuntu0.22.04.1
2023-11-03 13:55:41 status half-configured mysql-server:all 8.0.35-0ubuntu0.22.04.1
2023-11-03 13:55:41 status installed mysql-server:all 8.0.35-0ubuntu0.22.04.1
2023-11-03 13:56:03 startup archives unpack
2023-11-03 13:56:05 upgrade nodejs-doc:all 12.22.9~dfsg-1ubuntu3 12.22.9~dfsg-1ubuntu3.1
2023-11-03 13:56:05 status half-configured nodejs-doc:all 12.22.9~dfsg-1ubuntu3
2023-11-03 13:56:05 status unpacked nodejs-doc:all 12.22.9~dfsg-1ubuntu3
2023-11-03 13:56:06 status half-installed nodejs-doc:all 12.22.9~dfsg-1ubuntu3
2023-11-03 13:56:08 status unpacked nodejs-doc:all 12.22.9~dfsg-1ubuntu3.1
2023-11-03 13:56:09 startup packages configure
2023-11-03 13:56:09 configure nodejs-doc:all 12.22.9~dfsg-1ubuntu3.1 <none>
2023-11-03 13:56:09 status unpacked nodejs-doc:all 12.22.9~dfsg-1ubuntu3.1
2023-11-03 13:56:10 status half-configured nodejs-doc:all 12.22.9~dfsg-1ubuntu3.1
2023-11-03 13:56:10 status installed nodejs-doc:all 12.22.9~dfsg-1ubuntu3.1
2023-11-03 13:56:38 startup archives unpack
2023-11-03 13:56:40 upgrade thunderbird-locale-en-us:all 1:115.3.1+build1-0ubuntu0.22.04.2 1:115.4.1+build1-0ubuntu0.22.04.1
2023-11-03 13:56:40 status half-configured thunderbird-locale-en-us:all 1:115.3.1+build1-0ubuntu0.22.04.2
2023-11-03 13:56:40 status unpacked thunderbird-locale-en-us:all 1:115.3.1+build1-0ubuntu0.22.04.2
2023-11-03 13:56:40 status half-installed thunderbird-locale-en-us:all 1:115.3.1+build1-0ubuntu0.22.04.2
2023-11-03 13:56:42 status unpacked thunderbird-locale-en-us:all 1:115.4.1+build1-0ubuntu0.22.04.1
2023-11-03 13:56:43 startup packages configure
2023-11-03 13:56:43 configure thunderbird-locale-en-us:all 1:115.4.1+build1-0ubuntu0.22.04.1 <none>
2023-11-03 13:56:43 status unpacked thunderbird-locale-en-us:all 1:115.4.1+build1-0ubuntu0.22.04.1
2023-11-03 13:56:43 status half-configured thunderbird-locale-en-us:all 1:115.4.1+build1-0ubuntu0.22.04.1
2023-11-03 13:56:43 status installed thunderbird-locale-en-us:all 1:115.4.1+build1-0ubuntu0.22.04.1
2023-11-03 13:57:12 startup packages remove
2023-11-03 13:57:12 status installed linux-image-6.2.0-34-generic:amd64 6.2.0-34.34~22.04.1
2023-11-03 13:57:14 remove linux-image-6.2.0-34-generic:amd64 6.2.0-34.34~22.04.1 <none>
2023-11-03 13:57:14 status half-configured linux-image-6.2.0-34-generic:amd64 6.2.0-34.34~22.04.1
2023-11-03 13:57:16 status half-installed linux-image-6.2.0-34-generic:amd64 6.2.0-34.34~22.04.1
2023-11-03 13:58:15 status config-files linux-image-6.2.0-34-generic:amd64 6.2.0-34.34~22.04.1
2023-11-03 13:58:16 status installed linux-modules-extra-6.2.0-34-generic:amd64 6.2.0-34.34~22.04.1
2023-11-03 13:58:17 remove linux-modules-extra-6.2.0-34-generic:amd64 6.2.0-34.34~22.04.1 <none>
2023-11-03 13:58:17 status half-configured linux-modules-extra-6.2.0-34-generic:amd64 6.2.0-34.34~22.04.1
2023-11-03 13:58:18 status half-installed linux-modules-extra-6.2.0-34-generic:amd64 6.2.0-34.34~22.04.1
2023-11-03 13:58:48 status config-files linux-modules-extra-6.2.0-34-generic:amd64 6.2.0-34.34~22.04.1
2023-11-03 13:58:49 status installed linux-modules-6.2.0-34-generic:amd64 6.2.0-34.34~22.04.1
2023-11-03 13:58:49 remove linux-modules-6.2.0-34-generic:amd64 6.2.0-34.34~22.04.1 <none>
2023-11-03 13:58:49 status half-configured linux-modules-6.2.0-34-generic:amd64 6.2.0-34.34~22.04.1
2023-11-03 13:58:51 status half-installed linux-modules-6.2.0-34-generic:amd64 6.2.0-34.34~22.04.1
2023-11-03 13:58:53 status config-files linux-modules-6.2.0-34-generic:amd64 6.2.0-34.34~22.04.1
2023-11-03 13:58:55 startup packages configure
2023-11-03 13:59:26 startup packages remove
2023-11-03 13:59:26 status installed linux-headers-6.2.0-34-generic:amd64 6.2.0-34.34~22.04.1
2023-11-03 13:59:28 remove linux-headers-6.2.0-34-generic:amd64 6.2.0-34.34~22.04.1 <none>
2023-11-03 13:59:28 status half-configured linux-headers-6.2.0-34-generic:amd64 6.2.0-34.34~22.04.1
2023-11-03 13:59:29 status half-installed linux-headers-6.2.0-34-generic:amd64 6.2.0-34.34~22.04.1
2023-11-03 13:59:39 status config-files linux-headers-6.2.0-34-generic:amd64 6.2.0-34.34~22.04.1
2023-11-03 13:59:41 status not-installed linux-headers-6.2.0-34-generic:amd64 <none>
2023-11-03 13:59:43 startup packages configure
2023-11-03 14:00:11 startup packages remove
2023-11-03 14:00:11 status installed linux-hwe-6.2-headers-6.2.0-34:all 6.2.0-34.34~22.04.1
2023-11-03 14:00:13 remove linux-hwe-6.2-headers-6.2.0-34:all 6.2.0-34.34~22.04.1 <none>
2023-11-03 14:00:13 status half-configured linux-hwe-6.2-headers-6.2.0-34:all 6.2.0-34.34~22.04.1
2023-11-03 14:00:14 status half-installed linux-hwe-6.2-headers-6.2.0-34:all 6.2.0-34.34~22.04.1
2023-11-03 14:00:27 status config-files linux-hwe-6.2-headers-6.2.0-34:all 6.2.0-34.34~22.04.1
2023-11-03 14:00:29 status not-installed linux-hwe-6.2-headers-6.2.0-34:all <none>
2023-11-03 14:00:30 startup packages configure
2023-11-04 11:15:28 startup archives unpack
2023-11-04 11:15:32 upgrade libsndfile1:i386 1.0.31-2build1 1.0.31-2ubuntu0.1
2023-11-04 11:15:32 status triggers-pending libc-bin:amd64 2.35-0ubuntu3.4
2023-11-04 11:15:33 status half-configured libsndfile1:i386 1.0.31-2build1
2023-11-04 11:15:33 status unpacked libsndfile1:i386 1.0.31-2build1
2023-11-04 11:15:33 status half-configured libsndfile1:amd64 1.0.31-2build1
2023-11-04 11:15:33 status half-installed libsndfile1:i386 1.0.31-2build1
2023-11-04 11:15:34 status unpacked libsndfile1:i386 1.0.31-2ubuntu0.1
2023-11-04 11:15:35 upgrade libsndfile1:amd64 1.0.31-2build1 1.0.31-2ubuntu0.1
2023-11-04 11:15:35 status unpacked libsndfile1:amd64 1.0.31-2build1
2023-11-04 11:15:35 status half-installed libsndfile1:amd64 1.0.31-2build1
2023-11-04 11:15:36 status unpacked libsndfile1:amd64 1.0.31-2ubuntu0.1
2023-11-04 11:15:36 startup packages configure
2023-11-04 11:15:36 configure libsndfile1:amd64 1.0.31-2ubuntu0.1 <none>
2023-11-04 11:15:36 status unpacked libsndfile1:amd64 1.0.31-2ubuntu0.1
2023-11-04 11:15:37 status half-configured libsndfile1:amd64 1.0.31-2ubuntu0.1
2023-11-04 11:15:37 status installed libsndfile1:amd64 1.0.31-2ubuntu0.1
2023-11-04 11:15:37 configure libsndfile1:i386 1.0.31-2ubuntu0.1 <none>
2023-11-04 11:15:37 status unpacked libsndfile1:i386 1.0.31-2ubuntu0.1
2023-11-04 11:15:37 status half-configured libsndfile1:i386 1.0.31-2ubuntu0.1
2023-11-04 11:15:37 status installed libsndfile1:i386 1.0.31-2ubuntu0.1
2023-11-04 11:15:37 trigproc libc-bin:amd64 2.35-0ubuntu3.4 <none>
2023-11-04 11:15:37 status half-configured libc-bin:amd64 2.35-0ubuntu3.4
2023-11-04 11:15:38 status installed libc-bin:amd64 2.35-0ubuntu3.4
2023-11-05 13:29:28 startup archives unpack
2023-11-05 13:29:29 install azure-cli:amd64 <none> 2.53.1-1~jammy
2023-11-05 13:29:29 status half-installed azure-cli:amd64 2.53.1-1~jammy
2023-11-05 13:29:57 status unpacked azure-cli:amd64 2.53.1-1~jammy
2023-11-05 13:29:57 startup packages configure
2023-11-05 13:29:57 configure azure-cli:amd64 2.53.1-1~jammy <none>
2023-11-05 13:29:57 status unpacked azure-cli:amd64 2.53.1-1~jammy
2023-11-05 13:29:58 status half-configured azure-cli:amd64 2.53.1-1~jammy
2023-11-05 13:29:58 status installed azure-cli:amd64 2.53.1-1~jammy
2023-11-06 19:18:54 startup archives unpack
2023-11-06 19:19:10 upgrade libnss-systemd:amd64 249.11-0ubuntu3.10 249.11-0ubuntu3.11
2023-11-06 19:19:10 status triggers-pending libc-bin:amd64 2.35-0ubuntu3.4
2023-11-06 19:19:10 status half-configured libnss-systemd:amd64 249.11-0ubuntu3.10
2023-11-06 19:19:10 status unpacked libnss-systemd:amd64 249.11-0ubuntu3.10
2023-11-06 19:19:10 status half-installed libnss-systemd:amd64 249.11-0ubuntu3.10
2023-11-06 19:19:11 status triggers-pending man-db:amd64 2.10.2-1
2023-11-06 19:19:12 status unpacked libnss-systemd:amd64 249.11-0ubuntu3.11
2023-11-06 19:19:12 upgrade libudev1:i386 249.11-0ubuntu3.10 249.11-0ubuntu3.11
2023-11-06 19:19:12 status half-configured libudev1:i386 249.11-0ubuntu3.10
2023-11-06 19:19:13 status unpacked libudev1:i386 249.11-0ubuntu3.10
2023-11-06 19:19:13 status half-configured libudev1:amd64 249.11-0ubuntu3.10
2023-11-06 19:19:13 status half-installed libudev1:i386 249.11-0ubuntu3.10
2023-11-06 19:19:14 status unpacked libudev1:i386 249.11-0ubuntu3.11
2023-11-06 19:19:14 upgrade libudev1:amd64 249.11-0ubuntu3.10 249.11-0ubuntu3.11
2023-11-06 19:19:14 status unpacked libudev1:amd64 249.11-0ubuntu3.10
2023-11-06 19:19:15 status half-installed libudev1:amd64 249.11-0ubuntu3.10
2023-11-06 19:19:15 status unpacked libudev1:amd64 249.11-0ubuntu3.11
2023-11-06 19:19:16 startup packages configure
2023-11-06 19:19:16 configure libudev1:amd64 249.11-0ubuntu3.11 <none>
2023-11-06 19:19:16 status unpacked libudev1:amd64 249.11-0ubuntu3.11
2023-11-06 19:19:16 status half-configured libudev1:amd64 249.11-0ubuntu3.11
2023-11-06 19:19:17 status installed libudev1:amd64 249.11-0ubuntu3.11
2023-11-06 19:19:17 startup archives unpack
2023-11-06 19:19:18 upgrade systemd:amd64 249.11-0ubuntu3.10 249.11-0ubuntu3.11
2023-11-06 19:19:18 status half-configured systemd:amd64 249.11-0ubuntu3.10
2023-11-06 19:19:18 status unpacked systemd:amd64 249.11-0ubuntu3.10
2023-11-06 19:19:18 status half-installed systemd:amd64 249.11-0ubuntu3.10
2023-11-06 19:19:19 status triggers-pending dbus:amd64 1.12.20-2ubuntu4.1
2023-11-06 19:19:22 status unpacked systemd:amd64 249.11-0ubuntu3.11
2023-11-06 19:19:23 upgrade udev:amd64 249.11-0ubuntu3.10 249.11-0ubuntu3.11
2023-11-06 19:19:23 status triggers-pending initramfs-tools:all 0.140ubuntu13.4
2023-11-06 19:19:23 status half-configured udev:amd64 249.11-0ubuntu3.10
2023-11-06 19:19:23 status unpacked udev:amd64 249.11-0ubuntu3.10
2023-11-06 19:19:24 status half-installed udev:amd64 249.11-0ubuntu3.10
2023-11-06 19:19:25 status unpacked udev:amd64 249.11-0ubuntu3.11
2023-11-06 19:19:26 upgrade systemd-timesyncd:amd64 249.11-0ubuntu3.10 249.11-0ubuntu3.11
2023-11-06 19:19:26 status half-configured systemd-timesyncd:amd64 249.11-0ubuntu3.10
2023-11-06 19:19:26 status unpacked systemd-timesyncd:amd64 249.11-0ubuntu3.10
2023-11-06 19:19:27 status half-installed systemd-timesyncd:amd64 249.11-0ubuntu3.10
2023-11-06 19:19:27 status unpacked systemd-timesyncd:amd64 249.11-0ubuntu3.11
2023-11-06 19:19:28 upgrade libsystemd0:i386 249.11-0ubuntu3.10 249.11-0ubuntu3.11
2023-11-06 19:19:28 status half-configured libsystemd0:i386 249.11-0ubuntu3.10
2023-11-06 19:19:28 status unpacked libsystemd0:i386 249.11-0ubuntu3.10
2023-11-06 19:19:28 status half-configured libsystemd0:amd64 249.11-0ubuntu3.10
2023-11-06 19:19:29 status half-installed libsystemd0:i386 249.11-0ubuntu3.10
2023-11-06 19:19:29 status unpacked libsystemd0:i386 249.11-0ubuntu3.11
2023-11-06 19:19:30 upgrade libsystemd0:amd64 249.11-0ubuntu3.10 249.11-0ubuntu3.11
2023-11-06 19:19:30 status unpacked libsystemd0:amd64 249.11-0ubuntu3.10
2023-11-06 19:19:30 status half-installed libsystemd0:amd64 249.11-0ubuntu3.10
2023-11-06 19:19:31 status unpacked libsystemd0:amd64 249.11-0ubuntu3.11
2023-11-06 19:19:31 startup packages configure
2023-11-06 19:19:31 configure libsystemd0:amd64 249.11-0ubuntu3.11 <none>
2023-11-06 19:19:31 status unpacked libsystemd0:amd64 249.11-0ubuntu3.11
2023-11-06 19:19:32 status half-configured libsystemd0:amd64 249.11-0ubuntu3.11
2023-11-06 19:19:32 status installed libsystemd0:amd64 249.11-0ubuntu3.11
2023-11-06 19:19:32 configure systemd:amd64 249.11-0ubuntu3.11 <none>
2023-11-06 19:19:32 status unpacked systemd:amd64 249.11-0ubuntu3.11
2023-11-06 19:19:34 status half-configured systemd:amd64 249.11-0ubuntu3.11
2023-11-06 19:19:36 status installed systemd:amd64 249.11-0ubuntu3.11
2023-11-06 19:19:36 startup archives unpack
2023-11-06 19:19:37 upgrade systemd-sysv:amd64 249.11-0ubuntu3.10 249.11-0ubuntu3.11
2023-11-06 19:19:37 status half-configured systemd-sysv:amd64 249.11-0ubuntu3.10
2023-11-06 19:19:37 status unpacked systemd-sysv:amd64 249.11-0ubuntu3.10
2023-11-06 19:19:38 status half-installed systemd-sysv:amd64 249.11-0ubuntu3.10
2023-11-06 19:19:38 status unpacked systemd-sysv:amd64 249.11-0ubuntu3.11
2023-11-06 19:19:40 upgrade systemd-oomd:amd64 249.11-0ubuntu3.10 249.11-0ubuntu3.11
2023-11-06 19:19:40 status half-configured systemd-oomd:amd64 249.11-0ubuntu3.10
2023-11-06 19:19:40 status unpacked systemd-oomd:amd64 249.11-0ubuntu3.10
2023-11-06 19:19:40 status half-installed systemd-oomd:amd64 249.11-0ubuntu3.10
2023-11-06 19:19:41 status unpacked systemd-oomd:amd64 249.11-0ubuntu3.11
2023-11-06 19:19:42 upgrade libpam-systemd:amd64 249.11-0ubuntu3.10 249.11-0ubuntu3.11
2023-11-06 19:19:42 status half-configured libpam-systemd:amd64 249.11-0ubuntu3.10
2023-11-06 19:19:42 status unpacked libpam-systemd:amd64 249.11-0ubuntu3.10
2023-11-06 19:19:42 status half-installed libpam-systemd:amd64 249.11-0ubuntu3.10
2023-11-06 19:19:43 status unpacked libpam-systemd:amd64 249.11-0ubuntu3.11
2023-11-06 19:19:43 upgrade google-chrome-stable:amd64 118.0.5993.88-1 119.0.6045.105-1
2023-11-06 19:19:43 status half-configured google-chrome-stable:amd64 118.0.5993.88-1
2023-11-06 19:19:43 status unpacked google-chrome-stable:amd64 118.0.5993.88-1
2023-11-06 19:19:44 status half-installed google-chrome-stable:amd64 118.0.5993.88-1
2023-11-06 19:19:56 status triggers-pending mailcap:all 3.70+nmu1ubuntu1
2023-11-06 19:19:56 status triggers-pending gnome-menus:amd64 3.36.0-1ubuntu3
2023-11-06 19:19:56 status triggers-pending desktop-file-utils:amd64 0.26-1ubuntu3
2023-11-06 19:19:57 status unpacked google-chrome-stable:amd64 119.0.6045.105-1
2023-11-06 19:19:58 upgrade libkrb5support0:amd64 1.19.2-2ubuntu0.2 1.19.2-2ubuntu0.3
2023-11-06 19:19:58 status half-configured libkrb5support0:amd64 1.19.2-2ubuntu0.2
2023-11-06 19:19:58 status unpacked libkrb5support0:amd64 1.19.2-2ubuntu0.2
2023-11-06 19:19:58 status half-configured libkrb5support0:i386 1.19.2-2ubuntu0.2
2023-11-06 19:19:58 status half-installed libkrb5support0:amd64 1.19.2-2ubuntu0.2
2023-11-06 19:19:59 status unpacked libkrb5support0:amd64 1.19.2-2ubuntu0.3
2023-11-06 19:20:00 upgrade libkrb5support0:i386 1.19.2-2ubuntu0.2 1.19.2-2ubuntu0.3
2023-11-06 19:20:00 status unpacked libkrb5support0:i386 1.19.2-2ubuntu0.2
2023-11-06 19:20:00 status half-installed libkrb5support0:i386 1.19.2-2ubuntu0.2
2023-11-06 19:20:00 status unpacked libkrb5support0:i386 1.19.2-2ubuntu0.3
2023-11-06 19:20:02 upgrade libkrb5-3:amd64 1.19.2-2ubuntu0.2 1.19.2-2ubuntu0.3
2023-11-06 19:20:02 status half-configured libkrb5-3:amd64 1.19.2-2ubuntu0.2
2023-11-06 19:20:02 status unpacked libkrb5-3:amd64 1.19.2-2ubuntu0.2
2023-11-06 19:20:02 status half-configured libkrb5-3:i386 1.19.2-2ubuntu0.2
2023-11-06 19:20:02 status half-installed libkrb5-3:amd64 1.19.2-2ubuntu0.2
2023-11-06 19:20:03 status unpacked libkrb5-3:amd64 1.19.2-2ubuntu0.3
2023-11-06 19:20:04 upgrade libkrb5-3:i386 1.19.2-2ubuntu0.2 1.19.2-2ubuntu0.3
2023-11-06 19:20:04 status unpacked libkrb5-3:i386 1.19.2-2ubuntu0.2
2023-11-06 19:20:04 status half-installed libkrb5-3:i386 1.19.2-2ubuntu0.2
2023-11-06 19:20:05 status unpacked libkrb5-3:i386 1.19.2-2ubuntu0.3
2023-11-06 19:20:07 upgrade libgssapi-krb5-2:amd64 1.19.2-2ubuntu0.2 1.19.2-2ubuntu0.3
2023-11-06 19:20:07 status half-configured libgssapi-krb5-2:amd64 1.19.2-2ubuntu0.2
2023-11-06 19:20:07 status unpacked libgssapi-krb5-2:amd64 1.19.2-2ubuntu0.2
2023-11-06 19:20:07 status half-configured libgssapi-krb5-2:i386 1.19.2-2ubuntu0.2
2023-11-06 19:20:07 status half-installed libgssapi-krb5-2:amd64 1.19.2-2ubuntu0.2
2023-11-06 19:20:08 status unpacked libgssapi-krb5-2:amd64 1.19.2-2ubuntu0.3
2023-11-06 19:20:09 upgrade libgssapi-krb5-2:i386 1.19.2-2ubuntu0.2 1.19.2-2ubuntu0.3
2023-11-06 19:20:09 status unpacked libgssapi-krb5-2:i386 1.19.2-2ubuntu0.2
2023-11-06 19:20:09 status half-installed libgssapi-krb5-2:i386 1.19.2-2ubuntu0.2
2023-11-06 19:20:10 status unpacked libgssapi-krb5-2:i386 1.19.2-2ubuntu0.3
2023-11-06 19:20:11 upgrade libk5crypto3:i386 1.19.2-2ubuntu0.2 1.19.2-2ubuntu0.3
2023-11-06 19:20:11 status half-configured libk5crypto3:i386 1.19.2-2ubuntu0.2
2023-11-06 19:20:11 status unpacked libk5crypto3:i386 1.19.2-2ubuntu0.2
2023-11-06 19:20:11 status half-configured libk5crypto3:amd64 1.19.2-2ubuntu0.2
2023-11-06 19:20:11 status half-installed libk5crypto3:i386 1.19.2-2ubuntu0.2
2023-11-06 19:20:12 status unpacked libk5crypto3:i386 1.19.2-2ubuntu0.3
2023-11-06 19:20:13 upgrade libk5crypto3:amd64 1.19.2-2ubuntu0.2 1.19.2-2ubuntu0.3
2023-11-06 19:20:13 status unpacked libk5crypto3:amd64 1.19.2-2ubuntu0.2
2023-11-06 19:20:13 status half-installed libk5crypto3:amd64 1.19.2-2ubuntu0.2
2023-11-06 19:20:14 status unpacked libk5crypto3:amd64 1.19.2-2ubuntu0.3
2023-11-06 19:20:15 startup packages configure
2023-11-06 19:20:15 configure libkrb5support0:amd64 1.19.2-2ubuntu0.3 <none>
2023-11-06 19:20:15 status unpacked libkrb5support0:amd64 1.19.2-2ubuntu0.3
2023-11-06 19:20:15 status half-configured libkrb5support0:amd64 1.19.2-2ubuntu0.3
2023-11-06 19:20:15 status installed libkrb5support0:amd64 1.19.2-2ubuntu0.3
2023-11-06 19:20:16 configure libk5crypto3:amd64 1.19.2-2ubuntu0.3 <none>
2023-11-06 19:20:16 status unpacked libk5crypto3:amd64 1.19.2-2ubuntu0.3
2023-11-06 19:20:16 status half-configured libk5crypto3:amd64 1.19.2-2ubuntu0.3
2023-11-06 19:20:16 status installed libk5crypto3:amd64 1.19.2-2ubuntu0.3
2023-11-06 19:20:16 startup archives unpack
2023-11-06 19:20:17 upgrade distro-info-data:all 0.52ubuntu0.4 0.52ubuntu0.5
2023-11-06 19:20:17 status half-configured distro-info-data:all 0.52ubuntu0.4
2023-11-06 19:20:17 status unpacked distro-info-data:all 0.52ubuntu0.4
2023-11-06 19:20:17 status half-installed distro-info-data:all 0.52ubuntu0.4
2023-11-06 19:20:18 status unpacked distro-info-data:all 0.52ubuntu0.5
2023-11-06 19:20:18 upgrade bind9-host:amd64 1:9.18.12-0ubuntu0.22.04.3 1:9.18.18-0ubuntu0.22.04.1
2023-11-06 19:20:18 status half-configured bind9-host:amd64 1:9.18.12-0ubuntu0.22.04.3
2023-11-06 19:20:19 status unpacked bind9-host:amd64 1:9.18.12-0ubuntu0.22.04.3
2023-11-06 19:20:19 status half-installed bind9-host:amd64 1:9.18.12-0ubuntu0.22.04.3
2023-11-06 19:20:19 status unpacked bind9-host:amd64 1:9.18.18-0ubuntu0.22.04.1
2023-11-06 19:20:20 upgrade bind9-dnsutils:amd64 1:9.18.12-0ubuntu0.22.04.3 1:9.18.18-0ubuntu0.22.04.1
2023-11-06 19:20:20 status half-configured bind9-dnsutils:amd64 1:9.18.12-0ubuntu0.22.04.3
2023-11-06 19:20:20 status unpacked bind9-dnsutils:amd64 1:9.18.12-0ubuntu0.22.04.3
2023-11-06 19:20:20 status half-installed bind9-dnsutils:amd64 1:9.18.12-0ubuntu0.22.04.3
2023-11-06 19:20:21 status unpacked bind9-dnsutils:amd64 1:9.18.18-0ubuntu0.22.04.1
2023-11-06 19:20:22 upgrade bind9-libs:amd64 1:9.18.12-0ubuntu0.22.04.3 1:9.18.18-0ubuntu0.22.04.1
2023-11-06 19:20:22 status half-configured bind9-libs:amd64 1:9.18.12-0ubuntu0.22.04.3
2023-11-06 19:20:22 status unpacked bind9-libs:amd64 1:9.18.12-0ubuntu0.22.04.3
2023-11-06 19:20:22 status half-installed bind9-libs:amd64 1:9.18.12-0ubuntu0.22.04.3
2023-11-06 19:20:23 status unpacked bind9-libs:amd64 1:9.18.18-0ubuntu0.22.04.1
2023-11-06 19:20:24 upgrade docker-ce-cli:amd64 5:24.0.6-1~ubuntu.22.04~jammy 5:24.0.7-1~ubuntu.22.04~jammy
2023-11-06 19:20:24 status half-configured docker-ce-cli:amd64 5:24.0.6-1~ubuntu.22.04~jammy
2023-11-06 19:20:24 status unpacked docker-ce-cli:amd64 5:24.0.6-1~ubuntu.22.04~jammy
2023-11-06 19:20:24 status half-installed docker-ce-cli:amd64 5:24.0.6-1~ubuntu.22.04~jammy
2023-11-06 19:20:26 status unpacked docker-ce-cli:amd64 5:24.0.7-1~ubuntu.22.04~jammy
2023-11-06 19:20:27 upgrade docker-ce:amd64 5:24.0.6-1~ubuntu.22.04~jammy 5:24.0.7-1~ubuntu.22.04~jammy
2023-11-06 19:20:27 status half-configured docker-ce:amd64 5:24.0.6-1~ubuntu.22.04~jammy
2023-11-06 19:20:27 status unpacked docker-ce:amd64 5:24.0.6-1~ubuntu.22.04~jammy
2023-11-06 19:20:27 status half-installed docker-ce:amd64 5:24.0.6-1~ubuntu.22.04~jammy
2023-11-06 19:20:32 status unpacked docker-ce:amd64 5:24.0.7-1~ubuntu.22.04~jammy
2023-11-06 19:20:32 upgrade docker-ce-rootless-extras:amd64 5:24.0.6-1~ubuntu.22.04~jammy 5:24.0.7-1~ubuntu.22.04~jammy
2023-11-06 19:20:32 status half-configured docker-ce-rootless-extras:amd64 5:24.0.6-1~ubuntu.22.04~jammy
2023-11-06 19:20:31 status unpacked docker-ce-rootless-extras:amd64 5:24.0.6-1~ubuntu.22.04~jammy
2023-11-06 19:20:31 status half-installed docker-ce-rootless-extras:amd64 5:24.0.6-1~ubuntu.22.04~jammy
2023-11-06 19:20:33 status unpacked docker-ce-rootless-extras:amd64 5:24.0.7-1~ubuntu.22.04~jammy
2023-11-06 19:20:34 upgrade krb5-locales:all 1.19.2-2ubuntu0.2 1.19.2-2ubuntu0.3
2023-11-06 19:20:34 status half-configured krb5-locales:all 1.19.2-2ubuntu0.2
2023-11-06 19:20:34 status unpacked krb5-locales:all 1.19.2-2ubuntu0.2
2023-11-06 19:20:34 status half-installed krb5-locales:all 1.19.2-2ubuntu0.2
2023-11-06 19:20:35 status unpacked krb5-locales:all 1.19.2-2ubuntu0.3
2023-11-06 19:20:35 startup packages configure
2023-11-06 19:20:35 configure systemd-sysv:amd64 249.11-0ubuntu3.11 <none>
2023-11-06 19:20:35 status unpacked systemd-sysv:amd64 249.11-0ubuntu3.11
2023-11-06 19:20:35 status half-configured systemd-sysv:amd64 249.11-0ubuntu3.11
2023-11-06 19:20:36 status installed systemd-sysv:amd64 249.11-0ubuntu3.11
2023-11-06 19:20:36 configure google-chrome-stable:amd64 119.0.6045.105-1 <none>
2023-11-06 19:20:36 status unpacked google-chrome-stable:amd64 119.0.6045.105-1
2023-11-06 19:20:36 status half-configured google-chrome-stable:amd64 119.0.6045.105-1
2023-11-06 19:20:41 status installed google-chrome-stable:amd64 119.0.6045.105-1
2023-11-06 19:20:41 configure distro-info-data:all 0.52ubuntu0.5 <none>
2023-11-06 19:20:41 status unpacked distro-info-data:all 0.52ubuntu0.5
2023-11-06 19:20:41 status half-configured distro-info-data:all 0.52ubuntu0.5
2023-11-06 19:20:41 status installed distro-info-data:all 0.52ubuntu0.5
2023-11-06 19:20:41 configure libnss-systemd:amd64 249.11-0ubuntu3.11 <none>
2023-11-06 19:20:41 status unpacked libnss-systemd:amd64 249.11-0ubuntu3.11
2023-11-06 19:20:42 status half-configured libnss-systemd:amd64 249.11-0ubuntu3.11
2023-11-06 19:20:42 status installed libnss-systemd:amd64 249.11-0ubuntu3.11
2023-11-06 19:20:42 configure krb5-locales:all 1.19.2-2ubuntu0.3 <none>
2023-11-06 19:20:42 status unpacked krb5-locales:all 1.19.2-2ubuntu0.3
2023-11-06 19:20:42 status half-configured krb5-locales:all 1.19.2-2ubuntu0.3
2023-11-06 19:20:42 status installed krb5-locales:all 1.19.2-2ubuntu0.3
2023-11-06 19:20:42 configure libsystemd0:i386 249.11-0ubuntu3.11 <none>
2023-11-06 19:20:42 status unpacked libsystemd0:i386 249.11-0ubuntu3.11
2023-11-06 19:20:43 status half-configured libsystemd0:i386 249.11-0ubuntu3.11
2023-11-06 19:20:43 status installed libsystemd0:i386 249.11-0ubuntu3.11
2023-11-06 19:20:43 configure libkrb5support0:i386 1.19.2-2ubuntu0.3 <none>
2023-11-06 19:20:43 status unpacked libkrb5support0:i386 1.19.2-2ubuntu0.3
2023-11-06 19:20:43 status half-configured libkrb5support0:i386 1.19.2-2ubuntu0.3
2023-11-06 19:20:43 status installed libkrb5support0:i386 1.19.2-2ubuntu0.3
2023-11-06 19:20:43 configure systemd-timesyncd:amd64 249.11-0ubuntu3.11 <none>
2023-11-06 19:20:43 status unpacked systemd-timesyncd:amd64 249.11-0ubuntu3.11
2023-11-06 19:20:44 status half-configured systemd-timesyncd:amd64 249.11-0ubuntu3.11
2023-11-06 19:20:45 status installed systemd-timesyncd:amd64 249.11-0ubuntu3.11
2023-11-06 19:20:45 configure udev:amd64 249.11-0ubuntu3.11 <none>
2023-11-06 19:20:45 status unpacked udev:amd64 249.11-0ubuntu3.11
2023-11-06 19:20:45 status half-configured udev:amd64 249.11-0ubuntu3.11
2023-11-06 19:20:48 status installed udev:amd64 249.11-0ubuntu3.11
2023-11-06 19:20:48 configure libk5crypto3:i386 1.19.2-2ubuntu0.3 <none>
2023-11-06 19:20:48 status unpacked libk5crypto3:i386 1.19.2-2ubuntu0.3
2023-11-06 19:20:48 status half-configured libk5crypto3:i386 1.19.2-2ubuntu0.3
2023-11-06 19:20:48 status installed libk5crypto3:i386 1.19.2-2ubuntu0.3
2023-11-06 19:20:48 configure libudev1:i386 249.11-0ubuntu3.11 <none>
2023-11-06 19:20:48 status unpacked libudev1:i386 249.11-0ubuntu3.11
2023-11-06 19:20:48 status half-configured libudev1:i386 249.11-0ubuntu3.11
2023-11-06 19:20:49 status installed libudev1:i386 249.11-0ubuntu3.11
2023-11-06 19:20:49 configure docker-ce-cli:amd64 5:24.0.7-1~ubuntu.22.04~jammy <none>
2023-11-06 19:20:49 status unpacked docker-ce-cli:amd64 5:24.0.7-1~ubuntu.22.04~jammy
2023-11-06 19:20:49 status half-configured docker-ce-cli:amd64 5:24.0.7-1~ubuntu.22.04~jammy
2023-11-06 19:20:49 status installed docker-ce-cli:amd64 5:24.0.7-1~ubuntu.22.04~jammy
2023-11-06 19:20:49 configure libpam-systemd:amd64 249.11-0ubuntu3.11 <none>
2023-11-06 19:20:49 status unpacked libpam-systemd:amd64 249.11-0ubuntu3.11
2023-11-06 19:20:49 status half-configured libpam-systemd:amd64 249.11-0ubuntu3.11
2023-11-06 19:20:50 status installed libpam-systemd:amd64 249.11-0ubuntu3.11
2023-11-06 19:20:50 configure systemd-oomd:amd64 249.11-0ubuntu3.11 <none>
2023-11-06 19:20:50 status unpacked systemd-oomd:amd64 249.11-0ubuntu3.11
2023-11-06 19:20:51 status half-configured systemd-oomd:amd64 249.11-0ubuntu3.11
2023-11-06 19:20:52 status installed systemd-oomd:amd64 249.11-0ubuntu3.11
2023-11-06 19:20:52 configure libkrb5-3:amd64 1.19.2-2ubuntu0.3 <none>
2023-11-06 19:20:52 status unpacked libkrb5-3:amd64 1.19.2-2ubuntu0.3
2023-11-06 19:20:52 status half-configured libkrb5-3:amd64 1.19.2-2ubuntu0.3
2023-11-06 19:20:52 status installed libkrb5-3:amd64 1.19.2-2ubuntu0.3
2023-11-06 19:20:52 configure libkrb5-3:i386 1.19.2-2ubuntu0.3 <none>
2023-11-06 19:20:52 status unpacked libkrb5-3:i386 1.19.2-2ubuntu0.3
2023-11-06 19:20:53 status half-configured libkrb5-3:i386 1.19.2-2ubuntu0.3
2023-11-06 19:20:53 status installed libkrb5-3:i386 1.19.2-2ubuntu0.3
2023-11-06 19:20:53 configure docker-ce-rootless-extras:amd64 5:24.0.7-1~ubuntu.22.04~jammy <none>
2023-11-06 19:20:53 status unpacked docker-ce-rootless-extras:amd64 5:24.0.7-1~ubuntu.22.04~jammy
2023-11-06 19:20:53 status half-configured docker-ce-rootless-extras:amd64 5:24.0.7-1~ubuntu.22.04~jammy
2023-11-06 19:20:53 status installed docker-ce-rootless-extras:amd64 5:24.0.7-1~ubuntu.22.04~jammy
2023-11-06 19:20:53 configure docker-ce:amd64 5:24.0.7-1~ubuntu.22.04~jammy <none>
2023-11-06 19:20:53 status unpacked docker-ce:amd64 5:24.0.7-1~ubuntu.22.04~jammy
2023-11-06 19:20:54 status half-configured docker-ce:amd64 5:24.0.7-1~ubuntu.22.04~jammy
2023-11-06 19:20:55 status installed docker-ce:amd64 5:24.0.7-1~ubuntu.22.04~jammy
2023-11-06 19:20:55 configure libgssapi-krb5-2:amd64 1.19.2-2ubuntu0.3 <none>
2023-11-06 19:20:55 status unpacked libgssapi-krb5-2:amd64 1.19.2-2ubuntu0.3
2023-11-06 19:20:55 status half-configured libgssapi-krb5-2:amd64 1.19.2-2ubuntu0.3
2023-11-06 19:20:56 status installed libgssapi-krb5-2:amd64 1.19.2-2ubuntu0.3
2023-11-06 19:20:56 configure libgssapi-krb5-2:i386 1.19.2-2ubuntu0.3 <none>
2023-11-06 19:20:56 status unpacked libgssapi-krb5-2:i386 1.19.2-2ubuntu0.3
2023-11-06 19:20:56 status half-configured libgssapi-krb5-2:i386 1.19.2-2ubuntu0.3
2023-11-06 19:20:56 status installed libgssapi-krb5-2:i386 1.19.2-2ubuntu0.3
2023-11-06 19:20:56 configure bind9-libs:amd64 1:9.18.18-0ubuntu0.22.04.1 <none>
2023-11-06 19:20:56 status unpacked bind9-libs:amd64 1:9.18.18-0ubuntu0.22.04.1
2023-11-06 19:20:56 status half-configured bind9-libs:amd64 1:9.18.18-0ubuntu0.22.04.1
2023-11-06 19:20:57 status installed bind9-libs:amd64 1:9.18.18-0ubuntu0.22.04.1
2023-11-06 19:20:57 configure bind9-host:amd64 1:9.18.18-0ubuntu0.22.04.1 <none>
2023-11-06 19:20:57 status unpacked bind9-host:amd64 1:9.18.18-0ubuntu0.22.04.1
2023-11-06 19:20:57 status half-configured bind9-host:amd64 1:9.18.18-0ubuntu0.22.04.1
2023-11-06 19:20:57 status installed bind9-host:amd64 1:9.18.18-0ubuntu0.22.04.1
2023-11-06 19:20:57 configure bind9-dnsutils:amd64 1:9.18.18-0ubuntu0.22.04.1 <none>
2023-11-06 19:20:57 status unpacked bind9-dnsutils:amd64 1:9.18.18-0ubuntu0.22.04.1
2023-11-06 19:20:57 status half-configured bind9-dnsutils:amd64 1:9.18.18-0ubuntu0.22.04.1
2023-11-06 19:20:58 status installed bind9-dnsutils:amd64 1:9.18.18-0ubuntu0.22.04.1
2023-11-06 19:20:58 trigproc desktop-file-utils:amd64 0.26-1ubuntu3 <none>
2023-11-06 19:20:58 status half-configured desktop-file-utils:amd64 0.26-1ubuntu3
2023-11-06 19:20:58 status installed desktop-file-utils:amd64 0.26-1ubuntu3
2023-11-06 19:20:58 trigproc initramfs-tools:all 0.140ubuntu13.4 <none>
2023-11-06 19:20:58 status half-configured initramfs-tools:all 0.140ubuntu13.4
2023-11-06 19:21:34 status installed initramfs-tools:all 0.140ubuntu13.4
2023-11-06 19:21:35 trigproc gnome-menus:amd64 3.36.0-1ubuntu3 <none>
2023-11-06 19:21:35 status half-configured gnome-menus:amd64 3.36.0-1ubuntu3
2023-11-06 19:21:35 status installed gnome-menus:amd64 3.36.0-1ubuntu3
2023-11-06 19:21:35 trigproc libc-bin:amd64 2.35-0ubuntu3.4 <none>
2023-11-06 19:21:35 status half-configured libc-bin:amd64 2.35-0ubuntu3.4
2023-11-06 19:21:36 status installed libc-bin:amd64 2.35-0ubuntu3.4
2023-11-06 19:21:36 trigproc man-db:amd64 2.10.2-1 <none>
2023-11-06 19:21:36 status half-configured man-db:amd64 2.10.2-1
2023-11-06 19:21:41 status installed man-db:amd64 2.10.2-1
2023-11-06 19:21:41 trigproc dbus:amd64 1.12.20-2ubuntu4.1 <none>
2023-11-06 19:21:41 status half-configured dbus:amd64 1.12.20-2ubuntu4.1
2023-11-06 19:21:41 status installed dbus:amd64 1.12.20-2ubuntu4.1
2023-11-06 19:21:42 trigproc mailcap:all 3.70+nmu1ubuntu1 <none>
2023-11-06 19:21:42 status half-configured mailcap:all 3.70+nmu1ubuntu1
2023-11-06 19:21:42 status installed mailcap:all 3.70+nmu1ubuntu1
