["2023-11-02T00:38:41.907", "DEBUG", "ubuntupro.config", "parse_config", 642, "Using client configuration file at /etc/ubuntu-advantage/uaclient.conf", {}]
["2023-11-02T00:38:41.953", "DEBUG", "ubuntupro.system", "load_file", 485, "Reading file: /etc/ubuntu-advantage/uaclient.conf", {}]
["2023-11-02T00:38:42.011", "DEBUG", "ubuntupro.system", "load_file", 485, "Reading file: /var/lib/ubuntu-advantage/user-config.json", {}]
["2023-11-02T00:38:42.011", "DEBUG", "ubuntupro.files.files", "read", 55, "File does not exist: /var/lib/ubuntu-advantage/user-config.json", {}]
["2023-11-02T00:38:42.011", "DEBUG", "ubuntupro.system", "load_file", 485, "Reading file: /etc/os-release", {}]
["2023-11-02T00:38:42.184", "DEBUG", "ubuntupro.config", "parse_config", 642, "Using client configuration file at /etc/ubuntu-advantage/uaclient.conf", {}]
["2023-11-02T00:38:42.185", "DEBUG", "ubuntupro.system", "load_file", 485, "Reading file: /etc/ubuntu-advantage/uaclient.conf", {}]
["2023-11-02T00:38:42.186", "DEBUG", "ubuntupro.system", "load_file", 485, "Reading file: /var/lib/ubuntu-advantage/user-config.json", {}]
["2023-11-02T00:38:42.186", "DEBUG", "ubuntupro.files.files", "read", 55, "File does not exist: /var/lib/ubuntu-advantage/user-config.json", {}]
["2023-11-02T00:38:42.559", "DEBUG", "ubuntupro.system", "load_file", 485, "Reading file: /var/lib/ubuntu-advantage/status.json", {}]
["2023-11-02T00:38:42.625", "DEBUG", "ubuntupro.system", "load_file", 485, "Reading file: /var/lib/ubuntu-advantage/private/machine-token.json", {}]
["2023-11-02T00:38:42.625", "DEBUG", "ubuntupro.files.files", "read", 55, "File does not exist: /var/lib/ubuntu-advantage/private/machine-token.json", {}]
["2023-11-02T00:39:02.970", "DEBUG", "ubuntupro.config", "parse_config", 642, "Using client configuration file at /etc/ubuntu-advantage/uaclient.conf", {}]
["2023-11-02T00:39:02.975", "DEBUG", "ubuntupro.system", "load_file", 485, "Reading file: /etc/ubuntu-advantage/uaclient.conf", {}]
["2023-11-02T00:39:02.976", "DEBUG", "ubuntupro.system", "load_file", 485, "Reading file: /var/lib/ubuntu-advantage/user-config.json", {}]
["2023-11-02T00:39:02.976", "DEBUG", "ubuntupro.files.files", "read", 55, "File does not exist: /var/lib/ubuntu-advantage/user-config.json", {}]
["2023-11-02T00:39:02.976", "DEBUG", "ubuntupro.system", "load_file", 485, "Reading file: /etc/os-release", {}]
["2023-11-02T00:39:02.982", "DEBUG", "ubuntupro.config", "parse_config", 642, "Using client configuration file at /etc/ubuntu-advantage/uaclient.conf", {}]
["2023-11-02T00:39:02.982", "DEBUG", "ubuntupro.system", "load_file", 485, "Reading file: /etc/ubuntu-advantage/uaclient.conf", {}]
["2023-11-02T00:39:02.986", "DEBUG", "ubuntupro.system", "load_file", 485, "Reading file: /var/lib/ubuntu-advantage/user-config.json", {}]
["2023-11-02T00:39:02.986", "DEBUG", "ubuntupro.files.files", "read", 55, "File does not exist: /var/lib/ubuntu-advantage/user-config.json", {}]
["2023-11-02T00:39:03.025", "DEBUG", "ubuntupro.system", "load_file", 485, "Reading file: /var/lib/ubuntu-advantage/status.json", {}]
["2023-11-02T00:39:03.031", "DEBUG", "ubuntupro.system", "load_file", 485, "Reading file: /var/lib/ubuntu-advantage/private/machine-token.json", {}]
["2023-11-02T00:39:03.031", "DEBUG", "ubuntupro.files.files", "read", 55, "File does not exist: /var/lib/ubuntu-advantage/private/machine-token.json", {}]
["2023-11-02T09:16:13.873", "DEBUG", "ubuntupro.config", "parse_config", 642, "Using client configuration file at /etc/ubuntu-advantage/uaclient.conf", {}]
["2023-11-02T09:16:14.024", "DEBUG", "ubuntupro.system", "load_file", 485, "Reading file: /etc/ubuntu-advantage/uaclient.conf", {}]
["2023-11-02T09:16:14.060", "DEBUG", "ubuntupro.system", "load_file", 485, "Reading file: /var/lib/ubuntu-advantage/user-config.json", {}]
["2023-11-02T09:16:14.061", "DEBUG", "ubuntupro.files.files", "read", 55, "File does not exist: /var/lib/ubuntu-advantage/user-config.json", {}]
["2023-11-02T09:16:14.062", "DEBUG", "ubuntupro.system", "load_file", 485, "Reading file: /etc/os-release", {}]
["2023-11-02T09:16:14.311", "DEBUG", "ubuntupro.config", "parse_config", 642, "Using client configuration file at /etc/ubuntu-advantage/uaclient.conf", {}]
["2023-11-02T09:16:14.311", "DEBUG", "ubuntupro.system", "load_file", 485, "Reading file: /etc/ubuntu-advantage/uaclient.conf", {}]
["2023-11-02T09:16:14.312", "DEBUG", "ubuntupro.system", "load_file", 485, "Reading file: /var/lib/ubuntu-advantage/user-config.json", {}]
["2023-11-02T09:16:14.312", "DEBUG", "ubuntupro.files.files", "read", 55, "File does not exist: /var/lib/ubuntu-advantage/user-config.json", {}]
["2023-11-02T09:16:15.106", "DEBUG", "ubuntupro.system", "load_file", 485, "Reading file: /var/lib/ubuntu-advantage/status.json", {}]
["2023-11-02T09:16:15.359", "DEBUG", "ubuntupro.system", "load_file", 485, "Reading file: /var/lib/ubuntu-advantage/private/machine-token.json", {}]
["2023-11-02T09:16:15.359", "DEBUG", "ubuntupro.files.files", "read", 55, "File does not exist: /var/lib/ubuntu-advantage/private/machine-token.json", {}]
["2023-11-02T09:16:35.454", "DEBUG", "ubuntupro.config", "parse_config", 642, "Using client configuration file at /etc/ubuntu-advantage/uaclient.conf", {}]
["2023-11-02T09:16:35.455", "DEBUG", "ubuntupro.system", "load_file", 485, "Reading file: /etc/ubuntu-advantage/uaclient.conf", {}]
["2023-11-02T09:16:35.456", "DEBUG", "ubuntupro.system", "load_file", 485, "Reading file: /var/lib/ubuntu-advantage/user-config.json", {}]
["2023-11-02T09:16:35.456", "DEBUG", "ubuntupro.files.files", "read", 55, "File does not exist: /var/lib/ubuntu-advantage/user-config.json", {}]
["2023-11-02T11:56:51.396", "DEBUG", "ubuntupro.config", "parse_config", 642, "Using client configuration file at /etc/ubuntu-advantage/uaclient.conf", {}]
["2023-11-02T11:56:51.411", "DEBUG", "ubuntupro.system", "load_file", 485, "Reading file: /etc/ubuntu-advantage/uaclient.conf", {}]
["2023-11-02T11:56:51.432", "DEBUG", "ubuntupro.system", "load_file", 485, "Reading file: /var/lib/ubuntu-advantage/user-config.json", {}]
["2023-11-02T11:56:51.432", "DEBUG", "ubuntupro.files.files", "read", 55, "File does not exist: /var/lib/ubuntu-advantage/user-config.json", {}]
["2023-11-02T11:56:51.433", "DEBUG", "ubuntupro.system", "load_file", 485, "Reading file: /etc/os-release", {}]
["2023-11-02T11:56:51.495", "DEBUG", "ubuntupro.config", "parse_config", 642, "Using client configuration file at /etc/ubuntu-advantage/uaclient.conf", {}]
["2023-11-02T11:56:51.495", "DEBUG", "ubuntupro.system", "load_file", 485, "Reading file: /etc/ubuntu-advantage/uaclient.conf", {}]
["2023-11-02T11:56:51.496", "DEBUG", "ubuntupro.system", "load_file", 485, "Reading file: /var/lib/ubuntu-advantage/user-config.json", {}]
["2023-11-02T11:56:51.496", "DEBUG", "ubuntupro.files.files", "read", 55, "File does not exist: /var/lib/ubuntu-advantage/user-config.json", {}]
["2023-11-02T11:56:51.533", "DEBUG", "ubuntupro.system", "load_file", 485, "Reading file: /var/lib/ubuntu-advantage/status.json", {}]
["2023-11-02T11:56:51.581", "DEBUG", "ubuntupro.system", "load_file", 485, "Reading file: /var/lib/ubuntu-advantage/private/machine-token.json", {}]
["2023-11-02T11:56:51.583", "DEBUG", "ubuntupro.files.files", "read", 55, "File does not exist: /var/lib/ubuntu-advantage/private/machine-token.json", {}]
["2023-11-02T13:38:30.705", "DEBUG", "ubuntupro.config", "parse_config", 642, "Using client configuration file at /etc/ubuntu-advantage/uaclient.conf", {}]
["2023-11-02T13:38:30.733", "DEBUG", "ubuntupro.system", "load_file", 485, "Reading file: /etc/ubuntu-advantage/uaclient.conf", {}]
["2023-11-02T13:38:30.743", "DEBUG", "ubuntupro.system", "load_file", 485, "Reading file: /var/lib/ubuntu-advantage/user-config.json", {}]
["2023-11-02T13:38:30.744", "DEBUG", "ubuntupro.files.files", "read", 55, "File does not exist: /var/lib/ubuntu-advantage/user-config.json", {}]
["2023-11-02T13:38:30.744", "DEBUG", "ubuntupro.system", "load_file", 485, "Reading file: /etc/os-release", {}]
["2023-11-02T13:38:30.771", "DEBUG", "ubuntupro.config", "parse_config", 642, "Using client configuration file at /etc/ubuntu-advantage/uaclient.conf", {}]
["2023-11-02T13:38:30.772", "DEBUG", "ubuntupro.system", "load_file", 485, "Reading file: /etc/ubuntu-advantage/uaclient.conf", {}]
["2023-11-02T13:38:30.774", "DEBUG", "ubuntupro.system", "load_file", 485, "Reading file: /var/lib/ubuntu-advantage/user-config.json", {}]
["2023-11-02T13:38:30.775", "DEBUG", "ubuntupro.files.files", "read", 55, "File does not exist: /var/lib/ubuntu-advantage/user-config.json", {}]
["2023-11-02T13:38:30.884", "DEBUG", "ubuntupro.system", "load_file", 485, "Reading file: /var/lib/ubuntu-advantage/status.json", {}]
["2023-11-02T13:38:30.928", "DEBUG", "ubuntupro.system", "load_file", 485, "Reading file: /var/lib/ubuntu-advantage/private/machine-token.json", {}]
["2023-11-02T13:38:30.930", "DEBUG", "ubuntupro.files.files", "read", 55, "File does not exist: /var/lib/ubuntu-advantage/private/machine-token.json", {}]
["2023-11-02T21:12:00.707", "DEBUG", "ubuntupro.config", "parse_config", 642, "Using client configuration file at /etc/ubuntu-advantage/uaclient.conf", {}]
["2023-11-02T21:12:00.812", "DEBUG", "ubuntupro.system", "load_file", 485, "Reading file: /etc/ubuntu-advantage/uaclient.conf", {}]
["2023-11-02T21:12:00.845", "DEBUG", "ubuntupro.system", "load_file", 485, "Reading file: /var/lib/ubuntu-advantage/user-config.json", {}]
["2023-11-02T21:12:00.846", "DEBUG", "ubuntupro.files.files", "read", 55, "File does not exist: /var/lib/ubuntu-advantage/user-config.json", {}]
["2023-11-02T21:12:00.846", "DEBUG", "ubuntupro.system", "load_file", 485, "Reading file: /etc/os-release", {}]
["2023-11-02T21:12:00.903", "DEBUG", "ubuntupro.config", "parse_config", 642, "Using client configuration file at /etc/ubuntu-advantage/uaclient.conf", {}]
["2023-11-02T21:12:00.916", "DEBUG", "ubuntupro.system", "load_file", 485, "Reading file: /etc/ubuntu-advantage/uaclient.conf", {}]
["2023-11-02T21:12:00.917", "DEBUG", "ubuntupro.system", "load_file", 485, "Reading file: /var/lib/ubuntu-advantage/user-config.json", {}]
["2023-11-02T21:12:00.917", "DEBUG", "ubuntupro.files.files", "read", 55, "File does not exist: /var/lib/ubuntu-advantage/user-config.json", {}]
["2023-11-02T21:12:01.459", "DEBUG", "ubuntupro.system", "load_file", 485, "Reading file: /var/lib/ubuntu-advantage/status.json", {}]
["2023-11-02T21:12:01.550", "DEBUG", "ubuntupro.system", "load_file", 485, "Reading file: /var/lib/ubuntu-advantage/private/machine-token.json", {}]
["2023-11-02T21:12:01.551", "DEBUG", "ubuntupro.files.files", "read", 55, "File does not exist: /var/lib/ubuntu-advantage/private/machine-token.json", {}]
["2023-11-02T21:12:10.646", "WARNING", "ubuntupro.apt", "update_esm_caches", 760, "Failed to fetch the ESM Apt Cache", {}]
["2023-11-02T21:12:18.438", "DEBUG", "ubuntupro.config", "parse_config", 642, "Using client configuration file at /etc/ubuntu-advantage/uaclient.conf", {}]
["2023-11-02T21:12:18.438", "DEBUG", "ubuntupro.system", "load_file", 485, "Reading file: /etc/ubuntu-advantage/uaclient.conf", {}]
["2023-11-02T21:12:18.439", "DEBUG", "ubuntupro.system", "load_file", 485, "Reading file: /var/lib/ubuntu-advantage/user-config.json", {}]
["2023-11-02T21:12:18.439", "DEBUG", "ubuntupro.files.files", "read", 55, "File does not exist: /var/lib/ubuntu-advantage/user-config.json", {}]
["2023-11-02T21:12:18.439", "DEBUG", "ubuntupro.system", "load_file", 485, "Reading file: /etc/os-release", {}]
["2023-11-02T21:12:18.466", "DEBUG", "ubuntupro.system", "load_file", 485, "Reading file: /var/lib/ubuntu-advantage/status.json", {}]
["2023-11-02T21:12:18.471", "DEBUG", "ubuntupro.system", "load_file", 485, "Reading file: /var/lib/ubuntu-advantage/private/machine-token.json", {}]
["2023-11-02T21:12:18.472", "DEBUG", "ubuntupro.files.files", "read", 55, "File does not exist: /var/lib/ubuntu-advantage/private/machine-token.json", {}]
["2023-11-02T21:12:18.478", "DEBUG", "ubuntupro.config", "parse_config", 642, "Using client configuration file at /etc/ubuntu-advantage/uaclient.conf", {}]
["2023-11-02T21:12:18.478", "DEBUG", "ubuntupro.system", "load_file", 485, "Reading file: /etc/ubuntu-advantage/uaclient.conf", {}]
["2023-11-02T21:12:18.480", "DEBUG", "ubuntupro.system", "load_file", 485, "Reading file: /var/lib/ubuntu-advantage/user-config.json", {}]
["2023-11-02T21:12:18.480", "DEBUG", "ubuntupro.files.files", "read", 55, "File does not exist: /var/lib/ubuntu-advantage/user-config.json", {}]
["2023-11-03T13:28:19.368", "DEBUG", "ubuntupro.config", "parse_config", 642, "Using client configuration file at /etc/ubuntu-advantage/uaclient.conf", {}]
["2023-11-03T13:28:19.400", "DEBUG", "ubuntupro.config", "parse_config", 642, "Using client configuration file at /etc/ubuntu-advantage/uaclient.conf", {}]
["2023-11-03T13:28:19.421", "DEBUG", "ubuntupro.system", "load_file", 485, "Reading file: /etc/ubuntu-advantage/uaclient.conf", {}]
["2023-11-03T13:28:19.421", "DEBUG", "ubuntupro.system", "load_file", 485, "Reading file: /etc/ubuntu-advantage/uaclient.conf", {}]
["2023-11-03T13:28:19.443", "DEBUG", "ubuntupro.system", "load_file", 485, "Reading file: /var/lib/ubuntu-advantage/user-config.json", {}]
["2023-11-03T13:28:19.443", "DEBUG", "ubuntupro.files.files", "read", 55, "File does not exist: /var/lib/ubuntu-advantage/user-config.json", {}]
["2023-11-03T13:28:19.443", "DEBUG", "ubuntupro.system", "load_file", 485, "Reading file: /etc/os-release", {}]
["2023-11-03T13:28:19.447", "DEBUG", "ubuntupro.system", "load_file", 485, "Reading file: /var/lib/ubuntu-advantage/user-config.json", {}]
["2023-11-03T13:28:19.448", "DEBUG", "ubuntupro.files.files", "read", 55, "File does not exist: /var/lib/ubuntu-advantage/user-config.json", {}]
["2023-11-03T13:28:20.119", "DEBUG", "ubuntupro.system", "load_file", 485, "Reading file: /var/lib/ubuntu-advantage/status.json", {}]
["2023-11-03T13:28:22.606", "DEBUG", "ubuntupro.system", "load_file", 485, "Reading file: /var/lib/ubuntu-advantage/private/machine-token.json", {}]
["2023-11-03T13:28:22.607", "DEBUG", "ubuntupro.files.files", "read", 55, "File does not exist: /var/lib/ubuntu-advantage/private/machine-token.json", {}]
["2023-11-03T13:28:57.460", "DEBUG", "ubuntupro.config", "parse_config", 642, "Using client configuration file at /etc/ubuntu-advantage/uaclient.conf", {}]
["2023-11-03T13:28:57.460", "DEBUG", "ubuntupro.system", "load_file", 485, "Reading file: /etc/ubuntu-advantage/uaclient.conf", {}]
["2023-11-03T13:28:57.461", "DEBUG", "ubuntupro.system", "load_file", 485, "Reading file: /var/lib/ubuntu-advantage/user-config.json", {}]
["2023-11-03T13:28:57.461", "DEBUG", "ubuntupro.files.files", "read", 55, "File does not exist: /var/lib/ubuntu-advantage/user-config.json", {}]
["2023-11-03T13:28:57.564", "DEBUG", "ubuntupro.config", "parse_config", 642, "Using client configuration file at /etc/ubuntu-advantage/uaclient.conf", {}]
["2023-11-03T13:28:57.566", "DEBUG", "ubuntupro.system", "load_file", 485, "Reading file: /etc/ubuntu-advantage/uaclient.conf", {}]
["2023-11-03T13:28:57.567", "DEBUG", "ubuntupro.system", "load_file", 485, "Reading file: /var/lib/ubuntu-advantage/user-config.json", {}]
["2023-11-03T13:28:57.567", "DEBUG", "ubuntupro.files.files", "read", 55, "File does not exist: /var/lib/ubuntu-advantage/user-config.json", {}]
["2023-11-03T13:28:57.570", "DEBUG", "ubuntupro.system", "load_file", 485, "Reading file: /etc/os-release", {}]
["2023-11-03T13:28:57.612", "DEBUG", "ubuntupro.system", "load_file", 485, "Reading file: /var/lib/ubuntu-advantage/status.json", {}]
["2023-11-03T13:28:57.618", "DEBUG", "ubuntupro.system", "load_file", 485, "Reading file: /var/lib/ubuntu-advantage/private/machine-token.json", {}]
["2023-11-03T13:28:57.618", "DEBUG", "ubuntupro.files.files", "read", 55, "File does not exist: /var/lib/ubuntu-advantage/private/machine-token.json", {}]
["2023-11-03T14:01:01.470", "DEBUG", "ubuntupro.config", "parse_config", 642, "Using client configuration file at /etc/ubuntu-advantage/uaclient.conf", {}]
["2023-11-03T14:01:01.498", "DEBUG", "ubuntupro.system", "load_file", 485, "Reading file: /etc/ubuntu-advantage/uaclient.conf", {}]
["2023-11-03T14:01:01.511", "DEBUG", "ubuntupro.system", "load_file", 485, "Reading file: /var/lib/ubuntu-advantage/user-config.json", {}]
["2023-11-03T14:01:01.511", "DEBUG", "ubuntupro.files.files", "read", 55, "File does not exist: /var/lib/ubuntu-advantage/user-config.json", {}]
["2023-11-03T14:01:01.512", "DEBUG", "ubuntupro.system", "load_file", 485, "Reading file: /etc/os-release", {}]
["2023-11-03T14:01:01.615", "DEBUG", "ubuntupro.config", "parse_config", 642, "Using client configuration file at /etc/ubuntu-advantage/uaclient.conf", {}]
["2023-11-03T14:01:01.615", "DEBUG", "ubuntupro.system", "load_file", 485, "Reading file: /etc/ubuntu-advantage/uaclient.conf", {}]
["2023-11-03T14:01:01.616", "DEBUG", "ubuntupro.system", "load_file", 485, "Reading file: /var/lib/ubuntu-advantage/user-config.json", {}]
["2023-11-03T14:01:01.616", "DEBUG", "ubuntupro.files.files", "read", 55, "File does not exist: /var/lib/ubuntu-advantage/user-config.json", {}]
["2023-11-03T14:01:01.617", "DEBUG", "ubuntupro.system", "load_file", 485, "Reading file: /var/lib/ubuntu-advantage/private/machine-token.json", {}]
["2023-11-03T14:01:01.617", "DEBUG", "ubuntupro.files.files", "read", 55, "File does not exist: /var/lib/ubuntu-advantage/private/machine-token.json", {}]
["2023-11-03T14:01:01.934", "DEBUG", "ubuntupro.system", "load_file", 485, "Reading file: /var/lib/ubuntu-advantage/status.json", {}]
["2023-11-03T14:01:01.999", "DEBUG", "ubuntupro.system", "load_file", 485, "Reading file: /var/lib/ubuntu-advantage/private/machine-token.json", {}]
["2023-11-03T14:01:01.999", "DEBUG", "ubuntupro.files.files", "read", 55, "File does not exist: /var/lib/ubuntu-advantage/private/machine-token.json", {}]
["2023-11-03T14:01:02.700", "DEBUG", "ubuntupro.system", "load_file", 485, "Reading file: /run/ubuntu-advantage//aptnews.json", {}]
["2023-11-03T14:01:02.711", "DEBUG", "ubuntupro.apt_news", "fetch_and_process_apt_news", 169, "using msg: AptNewsMessage{'begin': datetime.datetime(2023, 10, 6, 0, 0, tzinfo=datetime.timezone.utc), 'end': None, 'selectors': None, 'lines': ['Canonical released microcode updates for both Intel (CVE-2022-40982) and AMD', '(CVE-2023-20593). \u2018Unattended upgrades\u2019 provide security updates by default.', 'Ensure it remains enabled to always get all updates as they become available.']}", {}]
["2023-11-03T14:01:02.764", "DEBUG", "ubuntupro.system", "write_file", 525, "Writing file /var/lib/ubuntu-advantage/messages/apt-news-raw atomically via tempfile /var/lib/ubuntu-advantage/messages/tmpn4ir0cm0", {}]
["2023-11-03T14:01:02.807", "DEBUG", "ubuntupro.system", "write_file", 525, "Writing file /var/lib/ubuntu-advantage/messages/apt-news atomically via tempfile /var/lib/ubuntu-advantage/messages/tmpqoqon4kw", {}]
["2023-11-03T19:26:01.032", "DEBUG", "ubuntupro.config", "parse_config", 642, "Using client configuration file at /etc/ubuntu-advantage/uaclient.conf", {}]
["2023-11-03T19:26:01.165", "DEBUG", "ubuntupro.system", "load_file", 485, "Reading file: /etc/ubuntu-advantage/uaclient.conf", {}]
["2023-11-03T19:26:01.206", "DEBUG", "ubuntupro.system", "load_file", 485, "Reading file: /var/lib/ubuntu-advantage/user-config.json", {}]
["2023-11-03T19:26:01.207", "DEBUG", "ubuntupro.files.files", "read", 55, "File does not exist: /var/lib/ubuntu-advantage/user-config.json", {}]
["2023-11-03T19:26:01.207", "DEBUG", "ubuntupro.system", "load_file", 485, "Reading file: /etc/os-release", {}]
["2023-11-03T19:26:01.409", "DEBUG", "ubuntupro.config", "parse_config", 642, "Using client configuration file at /etc/ubuntu-advantage/uaclient.conf", {}]
["2023-11-03T19:26:01.410", "DEBUG", "ubuntupro.system", "load_file", 485, "Reading file: /etc/ubuntu-advantage/uaclient.conf", {}]
["2023-11-03T19:26:01.411", "DEBUG", "ubuntupro.system", "load_file", 485, "Reading file: /var/lib/ubuntu-advantage/user-config.json", {}]
["2023-11-03T19:26:01.411", "DEBUG", "ubuntupro.files.files", "read", 55, "File does not exist: /var/lib/ubuntu-advantage/user-config.json", {}]
["2023-11-03T19:26:02.029", "DEBUG", "ubuntupro.system", "load_file", 485, "Reading file: /var/lib/ubuntu-advantage/status.json", {}]
["2023-11-03T19:26:02.147", "DEBUG", "ubuntupro.system", "load_file", 485, "Reading file: /var/lib/ubuntu-advantage/private/machine-token.json", {}]
["2023-11-03T19:26:02.147", "DEBUG", "ubuntupro.files.files", "read", 55, "File does not exist: /var/lib/ubuntu-advantage/private/machine-token.json", {}]
["2023-11-03T19:26:22.206", "DEBUG", "ubuntupro.config", "parse_config", 642, "Using client configuration file at /etc/ubuntu-advantage/uaclient.conf", {}]
["2023-11-03T19:26:22.206", "DEBUG", "ubuntupro.system", "load_file", 485, "Reading file: /etc/ubuntu-advantage/uaclient.conf", {}]
["2023-11-03T19:26:22.207", "DEBUG", "ubuntupro.system", "load_file", 485, "Reading file: /var/lib/ubuntu-advantage/user-config.json", {}]
["2023-11-03T19:26:22.207", "DEBUG", "ubuntupro.files.files", "read", 55, "File does not exist: /var/lib/ubuntu-advantage/user-config.json", {}]
["2023-11-03T19:26:22.208", "DEBUG", "ubuntupro.system", "load_file", 485, "Reading file: /etc/os-release", {}]
["2023-11-03T19:26:22.230", "DEBUG", "ubuntupro.config", "parse_config", 642, "Using client configuration file at /etc/ubuntu-advantage/uaclient.conf", {}]
["2023-11-03T19:26:22.231", "DEBUG", "ubuntupro.system", "load_file", 485, "Reading file: /etc/ubuntu-advantage/uaclient.conf", {}]
["2023-11-03T19:26:22.232", "DEBUG", "ubuntupro.system", "load_file", 485, "Reading file: /var/lib/ubuntu-advantage/user-config.json", {}]
["2023-11-03T19:26:22.232", "DEBUG", "ubuntupro.files.files", "read", 55, "File does not exist: /var/lib/ubuntu-advantage/user-config.json", {}]
["2023-11-03T19:26:22.232", "DEBUG", "ubuntupro.system", "load_file", 485, "Reading file: /var/lib/ubuntu-advantage/status.json", {}]
["2023-11-03T19:26:22.240", "DEBUG", "ubuntupro.system", "load_file", 485, "Reading file: /var/lib/ubuntu-advantage/private/machine-token.json", {}]
["2023-11-03T19:26:22.240", "DEBUG", "ubuntupro.files.files", "read", 55, "File does not exist: /var/lib/ubuntu-advantage/private/machine-token.json", {}]
["2023-11-03T22:28:17.541", "DEBUG", "ubuntupro.config", "parse_config", 642, "Using client configuration file at /etc/ubuntu-advantage/uaclient.conf", {}]
["2023-11-03T22:28:17.553", "DEBUG", "ubuntupro.system", "load_file", 485, "Reading file: /etc/ubuntu-advantage/uaclient.conf", {}]
["2023-11-03T22:28:17.571", "DEBUG", "ubuntupro.system", "load_file", 485, "Reading file: /var/lib/ubuntu-advantage/user-config.json", {}]
["2023-11-03T22:28:17.571", "DEBUG", "ubuntupro.files.files", "read", 55, "File does not exist: /var/lib/ubuntu-advantage/user-config.json", {}]
["2023-11-03T22:28:17.571", "DEBUG", "ubuntupro.system", "load_file", 485, "Reading file: /etc/os-release", {}]
["2023-11-03T22:28:17.579", "DEBUG", "ubuntupro.config", "parse_config", 642, "Using client configuration file at /etc/ubuntu-advantage/uaclient.conf", {}]
["2023-11-03T22:28:17.580", "DEBUG", "ubuntupro.system", "load_file", 485, "Reading file: /etc/ubuntu-advantage/uaclient.conf", {}]
["2023-11-03T22:28:17.581", "DEBUG", "ubuntupro.system", "load_file", 485, "Reading file: /var/lib/ubuntu-advantage/user-config.json", {}]
["2023-11-03T22:28:17.581", "DEBUG", "ubuntupro.files.files", "read", 55, "File does not exist: /var/lib/ubuntu-advantage/user-config.json", {}]
["2023-11-03T22:28:17.642", "DEBUG", "ubuntupro.system", "load_file", 485, "Reading file: /var/lib/ubuntu-advantage/status.json", {}]
["2023-11-03T22:28:17.670", "DEBUG", "ubuntupro.system", "load_file", 485, "Reading file: /var/lib/ubuntu-advantage/private/machine-token.json", {}]
["2023-11-03T22:28:17.670", "DEBUG", "ubuntupro.files.files", "read", 55, "File does not exist: /var/lib/ubuntu-advantage/private/machine-token.json", {}]
["2023-11-04T11:09:14.083", "DEBUG", "ubuntupro.config", "parse_config", 642, "Using client configuration file at /etc/ubuntu-advantage/uaclient.conf", {}]
["2023-11-04T11:09:14.230", "DEBUG", "ubuntupro.system", "load_file", 485, "Reading file: /etc/ubuntu-advantage/uaclient.conf", {}]
["2023-11-04T11:09:14.253", "DEBUG", "ubuntupro.system", "load_file", 485, "Reading file: /var/lib/ubuntu-advantage/user-config.json", {}]
["2023-11-04T11:09:14.253", "DEBUG", "ubuntupro.files.files", "read", 55, "File does not exist: /var/lib/ubuntu-advantage/user-config.json", {}]
["2023-11-04T11:09:14.254", "DEBUG", "ubuntupro.system", "load_file", 485, "Reading file: /etc/os-release", {}]
["2023-11-04T11:09:14.401", "DEBUG", "ubuntupro.config", "parse_config", 642, "Using client configuration file at /etc/ubuntu-advantage/uaclient.conf", {}]
["2023-11-04T11:09:14.401", "DEBUG", "ubuntupro.system", "load_file", 485, "Reading file: /etc/ubuntu-advantage/uaclient.conf", {}]
["2023-11-04T11:09:14.402", "DEBUG", "ubuntupro.system", "load_file", 485, "Reading file: /var/lib/ubuntu-advantage/user-config.json", {}]
["2023-11-04T11:09:14.402", "DEBUG", "ubuntupro.files.files", "read", 55, "File does not exist: /var/lib/ubuntu-advantage/user-config.json", {}]
["2023-11-04T11:09:15.020", "DEBUG", "ubuntupro.system", "load_file", 485, "Reading file: /var/lib/ubuntu-advantage/status.json", {}]
["2023-11-04T11:09:15.136", "DEBUG", "ubuntupro.system", "load_file", 485, "Reading file: /var/lib/ubuntu-advantage/private/machine-token.json", {}]
["2023-11-04T11:09:15.136", "DEBUG", "ubuntupro.files.files", "read", 55, "File does not exist: /var/lib/ubuntu-advantage/private/machine-token.json", {}]
["2023-11-04T11:09:28.519", "DEBUG", "ubuntupro.config", "parse_config", 642, "Using client configuration file at /etc/ubuntu-advantage/uaclient.conf", {}]
["2023-11-04T11:09:28.520", "DEBUG", "ubuntupro.system", "load_file", 485, "Reading file: /etc/ubuntu-advantage/uaclient.conf", {}]
["2023-11-04T11:09:28.521", "DEBUG", "ubuntupro.system", "load_file", 485, "Reading file: /var/lib/ubuntu-advantage/user-config.json", {}]
["2023-11-04T11:09:28.521", "DEBUG", "ubuntupro.files.files", "read", 55, "File does not exist: /var/lib/ubuntu-advantage/user-config.json", {}]
["2023-11-04T11:09:28.521", "DEBUG", "ubuntupro.system", "load_file", 485, "Reading file: /etc/os-release", {}]
["2023-11-04T11:09:28.545", "DEBUG", "ubuntupro.system", "load_file", 485, "Reading file: /var/lib/ubuntu-advantage/status.json", {}]
["2023-11-04T11:09:28.555", "DEBUG", "ubuntupro.system", "load_file", 485, "Reading file: /var/lib/ubuntu-advantage/private/machine-token.json", {}]
["2023-11-04T11:09:28.555", "DEBUG", "ubuntupro.files.files", "read", 55, "File does not exist: /var/lib/ubuntu-advantage/private/machine-token.json", {}]
["2023-11-04T11:09:28.612", "DEBUG", "ubuntupro.config", "parse_config", 642, "Using client configuration file at /etc/ubuntu-advantage/uaclient.conf", {}]
["2023-11-04T11:09:28.612", "DEBUG", "ubuntupro.system", "load_file", 485, "Reading file: /etc/ubuntu-advantage/uaclient.conf", {}]
["2023-11-04T11:09:28.616", "DEBUG", "ubuntupro.system", "load_file", 485, "Reading file: /var/lib/ubuntu-advantage/user-config.json", {}]
["2023-11-04T11:09:28.617", "DEBUG", "ubuntupro.files.files", "read", 55, "File does not exist: /var/lib/ubuntu-advantage/user-config.json", {}]
["2023-11-04T15:14:09.310", "DEBUG", "ubuntupro.config", "parse_config", 642, "Using client configuration file at /etc/ubuntu-advantage/uaclient.conf", {}]
["2023-11-04T15:14:09.311", "DEBUG", "ubuntupro.system", "load_file", 485, "Reading file: /etc/ubuntu-advantage/uaclient.conf", {}]
["2023-11-04T15:14:09.312", "DEBUG", "ubuntupro.system", "load_file", 485, "Reading file: /var/lib/ubuntu-advantage/user-config.json", {}]
["2023-11-04T15:14:09.313", "DEBUG", "ubuntupro.files.files", "read", 55, "File does not exist: /var/lib/ubuntu-advantage/user-config.json", {}]
["2023-11-04T15:14:09.338", "DEBUG", "ubuntupro.system", "load_file", 485, "Reading file: /etc/os-release", {}]
["2023-11-04T15:14:09.396", "DEBUG", "ubuntupro.system", "load_file", 485, "Reading file: /var/lib/ubuntu-advantage/status.json", {}]
["2023-11-04T15:14:09.403", "DEBUG", "ubuntupro.system", "load_file", 485, "Reading file: /var/lib/ubuntu-advantage/private/machine-token.json", {}]
["2023-11-04T15:14:09.404", "DEBUG", "ubuntupro.files.files", "read", 55, "File does not exist: /var/lib/ubuntu-advantage/private/machine-token.json", {}]
["2023-11-04T15:14:09.724", "DEBUG", "ubuntupro.config", "parse_config", 642, "Using client configuration file at /etc/ubuntu-advantage/uaclient.conf", {}]
["2023-11-04T15:14:09.724", "DEBUG", "ubuntupro.system", "load_file", 485, "Reading file: /etc/ubuntu-advantage/uaclient.conf", {}]
["2023-11-04T15:14:09.734", "DEBUG", "ubuntupro.system", "load_file", 485, "Reading file: /var/lib/ubuntu-advantage/user-config.json", {}]
["2023-11-04T15:14:09.734", "DEBUG", "ubuntupro.files.files", "read", 55, "File does not exist: /var/lib/ubuntu-advantage/user-config.json", {}]
["2023-11-04T19:11:45.922", "DEBUG", "ubuntupro.config", "parse_config", 642, "Using client configuration file at /etc/ubuntu-advantage/uaclient.conf", {}]
["2023-11-04T19:11:45.966", "DEBUG", "ubuntupro.system", "load_file", 485, "Reading file: /etc/ubuntu-advantage/uaclient.conf", {}]
["2023-11-04T19:11:46.010", "DEBUG", "ubuntupro.system", "load_file", 485, "Reading file: /var/lib/ubuntu-advantage/user-config.json", {}]
["2023-11-04T19:11:46.010", "DEBUG", "ubuntupro.files.files", "read", 55, "File does not exist: /var/lib/ubuntu-advantage/user-config.json", {}]
["2023-11-04T19:11:46.011", "DEBUG", "ubuntupro.system", "load_file", 485, "Reading file: /etc/os-release", {}]
["2023-11-04T19:11:46.168", "DEBUG", "ubuntupro.config", "parse_config", 642, "Using client configuration file at /etc/ubuntu-advantage/uaclient.conf", {}]
["2023-11-04T19:11:46.168", "DEBUG", "ubuntupro.system", "load_file", 485, "Reading file: /etc/ubuntu-advantage/uaclient.conf", {}]
["2023-11-04T19:11:46.169", "DEBUG", "ubuntupro.system", "load_file", 485, "Reading file: /var/lib/ubuntu-advantage/user-config.json", {}]
["2023-11-04T19:11:46.169", "DEBUG", "ubuntupro.files.files", "read", 55, "File does not exist: /var/lib/ubuntu-advantage/user-config.json", {}]
["2023-11-04T19:11:46.432", "DEBUG", "ubuntupro.system", "load_file", 485, "Reading file: /var/lib/ubuntu-advantage/status.json", {}]
["2023-11-04T19:11:46.526", "DEBUG", "ubuntupro.system", "load_file", 485, "Reading file: /var/lib/ubuntu-advantage/private/machine-token.json", {}]
["2023-11-04T19:11:46.527", "DEBUG", "ubuntupro.files.files", "read", 55, "File does not exist: /var/lib/ubuntu-advantage/private/machine-token.json", {}]
["2023-11-04T19:12:08.703", "DEBUG", "ubuntupro.config", "parse_config", 642, "Using client configuration file at /etc/ubuntu-advantage/uaclient.conf", {}]
["2023-11-04T19:12:08.703", "DEBUG", "ubuntupro.system", "load_file", 485, "Reading file: /etc/ubuntu-advantage/uaclient.conf", {}]
["2023-11-04T19:12:08.704", "DEBUG", "ubuntupro.system", "load_file", 485, "Reading file: /var/lib/ubuntu-advantage/user-config.json", {}]
["2023-11-04T19:12:08.704", "DEBUG", "ubuntupro.files.files", "read", 55, "File does not exist: /var/lib/ubuntu-advantage/user-config.json", {}]
["2023-11-04T19:12:08.731", "DEBUG", "ubuntupro.config", "parse_config", 642, "Using client configuration file at /etc/ubuntu-advantage/uaclient.conf", {}]
["2023-11-04T19:12:08.733", "DEBUG", "ubuntupro.system", "load_file", 485, "Reading file: /etc/ubuntu-advantage/uaclient.conf", {}]
["2023-11-04T19:12:08.734", "DEBUG", "ubuntupro.system", "load_file", 485, "Reading file: /var/lib/ubuntu-advantage/user-config.json", {}]
["2023-11-04T19:12:08.734", "DEBUG", "ubuntupro.files.files", "read", 55, "File does not exist: /var/lib/ubuntu-advantage/user-config.json", {}]
["2023-11-04T19:12:08.736", "DEBUG", "ubuntupro.system", "load_file", 485, "Reading file: /etc/os-release", {}]
["2023-11-04T19:12:08.763", "DEBUG", "ubuntupro.system", "load_file", 485, "Reading file: /var/lib/ubuntu-advantage/status.json", {}]
["2023-11-04T19:12:08.769", "DEBUG", "ubuntupro.system", "load_file", 485, "Reading file: /var/lib/ubuntu-advantage/private/machine-token.json", {}]
["2023-11-04T19:12:08.770", "DEBUG", "ubuntupro.files.files", "read", 55, "File does not exist: /var/lib/ubuntu-advantage/private/machine-token.json", {}]
["2023-11-05T00:20:02.165", "DEBUG", "ubuntupro.config", "parse_config", 642, "Using client configuration file at /etc/ubuntu-advantage/uaclient.conf", {}]
["2023-11-05T00:20:02.536", "DEBUG", "ubuntupro.system", "load_file", 485, "Reading file: /etc/ubuntu-advantage/uaclient.conf", {}]
["2023-11-05T00:20:02.577", "DEBUG", "ubuntupro.system", "load_file", 485, "Reading file: /var/lib/ubuntu-advantage/user-config.json", {}]
["2023-11-05T00:20:02.578", "DEBUG", "ubuntupro.files.files", "read", 55, "File does not exist: /var/lib/ubuntu-advantage/user-config.json", {}]
["2023-11-05T00:20:02.578", "DEBUG", "ubuntupro.system", "load_file", 485, "Reading file: /etc/os-release", {}]
["2023-11-05T00:20:03.450", "DEBUG", "ubuntupro.config", "parse_config", 642, "Using client configuration file at /etc/ubuntu-advantage/uaclient.conf", {}]
["2023-11-05T00:20:03.451", "DEBUG", "ubuntupro.system", "load_file", 485, "Reading file: /etc/ubuntu-advantage/uaclient.conf", {}]
["2023-11-05T00:20:03.453", "DEBUG", "ubuntupro.system", "load_file", 485, "Reading file: /var/lib/ubuntu-advantage/user-config.json", {}]
["2023-11-05T00:20:03.453", "DEBUG", "ubuntupro.files.files", "read", 55, "File does not exist: /var/lib/ubuntu-advantage/user-config.json", {}]
["2023-11-05T00:20:03.603", "DEBUG", "ubuntupro.system", "load_file", 485, "Reading file: /var/lib/ubuntu-advantage/status.json", {}]
["2023-11-05T00:20:03.837", "DEBUG", "ubuntupro.system", "load_file", 485, "Reading file: /var/lib/ubuntu-advantage/private/machine-token.json", {}]
["2023-11-05T00:20:03.837", "DEBUG", "ubuntupro.files.files", "read", 55, "File does not exist: /var/lib/ubuntu-advantage/private/machine-token.json", {}]
["2023-11-05T00:20:31.069", "DEBUG", "ubuntupro.config", "parse_config", 642, "Using client configuration file at /etc/ubuntu-advantage/uaclient.conf", {}]
["2023-11-05T00:20:31.069", "DEBUG", "ubuntupro.system", "load_file", 485, "Reading file: /etc/ubuntu-advantage/uaclient.conf", {}]
["2023-11-05T00:20:31.070", "DEBUG", "ubuntupro.system", "load_file", 485, "Reading file: /var/lib/ubuntu-advantage/user-config.json", {}]
["2023-11-05T00:20:31.070", "DEBUG", "ubuntupro.files.files", "read", 55, "File does not exist: /var/lib/ubuntu-advantage/user-config.json", {}]
["2023-11-05T00:20:31.071", "DEBUG", "ubuntupro.system", "load_file", 485, "Reading file: /etc/os-release", {}]
["2023-11-05T00:20:31.099", "DEBUG", "ubuntupro.config", "parse_config", 642, "Using client configuration file at /etc/ubuntu-advantage/uaclient.conf", {}]
["2023-11-05T00:20:31.100", "DEBUG", "ubuntupro.system", "load_file", 485, "Reading file: /etc/ubuntu-advantage/uaclient.conf", {}]
["2023-11-05T00:20:31.101", "DEBUG", "ubuntupro.system", "load_file", 485, "Reading file: /var/lib/ubuntu-advantage/user-config.json", {}]
["2023-11-05T00:20:31.101", "DEBUG", "ubuntupro.files.files", "read", 55, "File does not exist: /var/lib/ubuntu-advantage/user-config.json", {}]
["2023-11-05T00:20:31.110", "DEBUG", "ubuntupro.system", "load_file", 485, "Reading file: /var/lib/ubuntu-advantage/status.json", {}]
["2023-11-05T00:20:31.120", "DEBUG", "ubuntupro.system", "load_file", 485, "Reading file: /var/lib/ubuntu-advantage/private/machine-token.json", {}]
["2023-11-05T00:20:31.120", "DEBUG", "ubuntupro.files.files", "read", 55, "File does not exist: /var/lib/ubuntu-advantage/private/machine-token.json", {}]
["2023-11-05T10:55:15.921", "DEBUG", "ubuntupro.config", "parse_config", 642, "Using client configuration file at /etc/ubuntu-advantage/uaclient.conf", {}]
["2023-11-05T10:55:16.226", "DEBUG", "ubuntupro.system", "load_file", 485, "Reading file: /etc/ubuntu-advantage/uaclient.conf", {}]
["2023-11-05T10:55:16.237", "DEBUG", "ubuntupro.config", "parse_config", 642, "Using client configuration file at /etc/ubuntu-advantage/uaclient.conf", {}]
["2023-11-05T10:55:16.237", "DEBUG", "ubuntupro.system", "load_file", 485, "Reading file: /etc/ubuntu-advantage/uaclient.conf", {}]
["2023-11-05T10:55:16.256", "DEBUG", "ubuntupro.system", "load_file", 485, "Reading file: /var/lib/ubuntu-advantage/user-config.json", {}]
["2023-11-05T10:55:16.256", "DEBUG", "ubuntupro.files.files", "read", 55, "File does not exist: /var/lib/ubuntu-advantage/user-config.json", {}]
["2023-11-05T10:55:16.256", "DEBUG", "ubuntupro.system", "load_file", 485, "Reading file: /var/lib/ubuntu-advantage/user-config.json", {}]
["2023-11-05T10:55:16.256", "DEBUG", "ubuntupro.files.files", "read", 55, "File does not exist: /var/lib/ubuntu-advantage/user-config.json", {}]
["2023-11-05T10:55:16.256", "DEBUG", "ubuntupro.system", "load_file", 485, "Reading file: /etc/os-release", {}]
["2023-11-05T10:55:17.274", "DEBUG", "ubuntupro.system", "load_file", 485, "Reading file: /var/lib/ubuntu-advantage/status.json", {}]
["2023-11-05T10:55:17.351", "DEBUG", "ubuntupro.system", "load_file", 485, "Reading file: /var/lib/ubuntu-advantage/private/machine-token.json", {}]
["2023-11-05T10:55:17.351", "DEBUG", "ubuntupro.files.files", "read", 55, "File does not exist: /var/lib/ubuntu-advantage/private/machine-token.json", {}]
["2023-11-05T10:55:43.737", "DEBUG", "ubuntupro.config", "parse_config", 642, "Using client configuration file at /etc/ubuntu-advantage/uaclient.conf", {}]
["2023-11-05T10:55:43.737", "DEBUG", "ubuntupro.system", "load_file", 485, "Reading file: /etc/ubuntu-advantage/uaclient.conf", {}]
["2023-11-05T10:55:43.738", "DEBUG", "ubuntupro.system", "load_file", 485, "Reading file: /var/lib/ubuntu-advantage/user-config.json", {}]
["2023-11-05T10:55:43.738", "DEBUG", "ubuntupro.files.files", "read", 55, "File does not exist: /var/lib/ubuntu-advantage/user-config.json", {}]
["2023-11-05T10:55:43.742", "DEBUG", "ubuntupro.config", "parse_config", 642, "Using client configuration file at /etc/ubuntu-advantage/uaclient.conf", {}]
["2023-11-05T10:55:43.742", "DEBUG", "ubuntupro.system", "load_file", 485, "Reading file: /etc/ubuntu-advantage/uaclient.conf", {}]
["2023-11-05T10:55:43.743", "DEBUG", "ubuntupro.system", "load_file", 485, "Reading file: /var/lib/ubuntu-advantage/user-config.json", {}]
["2023-11-05T10:55:43.744", "DEBUG", "ubuntupro.files.files", "read", 55, "File does not exist: /var/lib/ubuntu-advantage/user-config.json", {}]
["2023-11-05T10:55:43.744", "DEBUG", "ubuntupro.system", "load_file", 485, "Reading file: /etc/os-release", {}]
["2023-11-05T10:55:43.771", "DEBUG", "ubuntupro.system", "load_file", 485, "Reading file: /var/lib/ubuntu-advantage/status.json", {}]
["2023-11-05T10:55:43.778", "DEBUG", "ubuntupro.system", "load_file", 485, "Reading file: /var/lib/ubuntu-advantage/private/machine-token.json", {}]
["2023-11-05T10:55:43.778", "DEBUG", "ubuntupro.files.files", "read", 55, "File does not exist: /var/lib/ubuntu-advantage/private/machine-token.json", {}]
["2023-11-05T10:57:42.569", "DEBUG", "ubuntupro.config", "parse_config", 642, "Using client configuration file at /etc/ubuntu-advantage/uaclient.conf", {}]
["2023-11-05T10:57:42.569", "DEBUG", "ubuntupro.system", "load_file", 485, "Reading file: /etc/ubuntu-advantage/uaclient.conf", {}]
["2023-11-05T10:57:42.570", "DEBUG", "ubuntupro.system", "load_file", 485, "Reading file: /var/lib/ubuntu-advantage/user-config.json", {}]
["2023-11-05T10:57:42.570", "DEBUG", "ubuntupro.files.files", "read", 55, "File does not exist: /var/lib/ubuntu-advantage/user-config.json", {}]
["2023-11-05T10:57:42.571", "DEBUG", "ubuntupro.system", "load_file", 485, "Reading file: /etc/os-release", {}]
["2023-11-05T10:57:42.587", "DEBUG", "ubuntupro.config", "parse_config", 642, "Using client configuration file at /etc/ubuntu-advantage/uaclient.conf", {}]
["2023-11-05T10:57:42.587", "DEBUG", "ubuntupro.system", "load_file", 485, "Reading file: /etc/ubuntu-advantage/uaclient.conf", {}]
["2023-11-05T10:57:42.588", "DEBUG", "ubuntupro.system", "load_file", 485, "Reading file: /var/lib/ubuntu-advantage/user-config.json", {}]
["2023-11-05T10:57:42.588", "DEBUG", "ubuntupro.files.files", "read", 55, "File does not exist: /var/lib/ubuntu-advantage/user-config.json", {}]
["2023-11-05T10:57:42.609", "DEBUG", "ubuntupro.system", "load_file", 485, "Reading file: /var/lib/ubuntu-advantage/status.json", {}]
["2023-11-05T10:57:42.615", "DEBUG", "ubuntupro.system", "load_file", 485, "Reading file: /var/lib/ubuntu-advantage/private/machine-token.json", {}]
["2023-11-05T10:57:42.615", "DEBUG", "ubuntupro.files.files", "read", 55, "File does not exist: /var/lib/ubuntu-advantage/private/machine-token.json", {}]
["2023-11-05T10:58:03.591", "DEBUG", "ubuntupro.config", "parse_config", 642, "Using client configuration file at /etc/ubuntu-advantage/uaclient.conf", {}]
["2023-11-05T10:58:03.598", "DEBUG", "ubuntupro.config", "parse_config", 642, "Using client configuration file at /etc/ubuntu-advantage/uaclient.conf", {}]
["2023-11-05T10:58:03.598", "DEBUG", "ubuntupro.system", "load_file", 485, "Reading file: /etc/ubuntu-advantage/uaclient.conf", {}]
["2023-11-05T10:58:03.599", "DEBUG", "ubuntupro.system", "load_file", 485, "Reading file: /var/lib/ubuntu-advantage/user-config.json", {}]
["2023-11-05T10:58:03.599", "DEBUG", "ubuntupro.files.files", "read", 55, "File does not exist: /var/lib/ubuntu-advantage/user-config.json", {}]
["2023-11-05T10:58:03.600", "DEBUG", "ubuntupro.system", "load_file", 485, "Reading file: /etc/os-release", {}]
["2023-11-05T10:58:03.605", "DEBUG", "ubuntupro.system", "load_file", 485, "Reading file: /etc/ubuntu-advantage/uaclient.conf", {}]
["2023-11-05T10:58:03.606", "DEBUG", "ubuntupro.system", "load_file", 485, "Reading file: /var/lib/ubuntu-advantage/user-config.json", {}]
["2023-11-05T10:58:03.606", "DEBUG", "ubuntupro.files.files", "read", 55, "File does not exist: /var/lib/ubuntu-advantage/user-config.json", {}]
["2023-11-05T10:58:03.662", "DEBUG", "ubuntupro.system", "load_file", 485, "Reading file: /var/lib/ubuntu-advantage/status.json", {}]
["2023-11-05T10:58:03.667", "DEBUG", "ubuntupro.system", "load_file", 485, "Reading file: /var/lib/ubuntu-advantage/private/machine-token.json", {}]
["2023-11-05T10:58:03.667", "DEBUG", "ubuntupro.files.files", "read", 55, "File does not exist: /var/lib/ubuntu-advantage/private/machine-token.json", {}]
["2023-11-05T13:26:08.621", "DEBUG", "ubuntupro.config", "parse_config", 642, "Using client configuration file at /etc/ubuntu-advantage/uaclient.conf", {}]
["2023-11-05T13:26:08.658", "DEBUG", "ubuntupro.system", "load_file", 485, "Reading file: /etc/ubuntu-advantage/uaclient.conf", {}]
["2023-11-05T13:26:08.681", "DEBUG", "ubuntupro.system", "load_file", 485, "Reading file: /var/lib/ubuntu-advantage/user-config.json", {}]
["2023-11-05T13:26:08.681", "DEBUG", "ubuntupro.files.files", "read", 55, "File does not exist: /var/lib/ubuntu-advantage/user-config.json", {}]
["2023-11-05T13:26:08.682", "DEBUG", "ubuntupro.system", "load_file", 485, "Reading file: /etc/os-release", {}]
["2023-11-05T13:26:08.724", "DEBUG", "ubuntupro.config", "parse_config", 642, "Using client configuration file at /etc/ubuntu-advantage/uaclient.conf", {}]
["2023-11-05T13:26:08.724", "DEBUG", "ubuntupro.system", "load_file", 485, "Reading file: /etc/ubuntu-advantage/uaclient.conf", {}]
["2023-11-05T13:26:08.725", "DEBUG", "ubuntupro.system", "load_file", 485, "Reading file: /var/lib/ubuntu-advantage/user-config.json", {}]
["2023-11-05T13:26:08.725", "DEBUG", "ubuntupro.files.files", "read", 55, "File does not exist: /var/lib/ubuntu-advantage/user-config.json", {}]
["2023-11-05T13:26:08.905", "DEBUG", "ubuntupro.system", "load_file", 485, "Reading file: /var/lib/ubuntu-advantage/status.json", {}]
["2023-11-05T13:26:08.940", "DEBUG", "ubuntupro.system", "load_file", 485, "Reading file: /var/lib/ubuntu-advantage/private/machine-token.json", {}]
["2023-11-05T13:26:08.941", "DEBUG", "ubuntupro.files.files", "read", 55, "File does not exist: /var/lib/ubuntu-advantage/private/machine-token.json", {}]
["2023-11-05T13:27:26.597", "DEBUG", "ubuntupro.config", "parse_config", 642, "Using client configuration file at /etc/ubuntu-advantage/uaclient.conf", {}]
["2023-11-05T13:27:26.617", "DEBUG", "ubuntupro.system", "load_file", 485, "Reading file: /etc/ubuntu-advantage/uaclient.conf", {}]
["2023-11-05T13:27:26.617", "DEBUG", "ubuntupro.config", "parse_config", 642, "Using client configuration file at /etc/ubuntu-advantage/uaclient.conf", {}]
["2023-11-05T13:27:26.617", "DEBUG", "ubuntupro.system", "load_file", 485, "Reading file: /etc/ubuntu-advantage/uaclient.conf", {}]
["2023-11-05T13:27:26.618", "DEBUG", "ubuntupro.system", "load_file", 485, "Reading file: /var/lib/ubuntu-advantage/user-config.json", {}]
["2023-11-05T13:27:26.618", "DEBUG", "ubuntupro.files.files", "read", 55, "File does not exist: /var/lib/ubuntu-advantage/user-config.json", {}]
["2023-11-05T13:27:26.618", "DEBUG", "ubuntupro.system", "load_file", 485, "Reading file: /var/lib/ubuntu-advantage/user-config.json", {}]
["2023-11-05T13:27:26.618", "DEBUG", "ubuntupro.system", "load_file", 485, "Reading file: /etc/os-release", {}]
["2023-11-05T13:27:26.618", "DEBUG", "ubuntupro.files.files", "read", 55, "File does not exist: /var/lib/ubuntu-advantage/user-config.json", {}]
["2023-11-05T13:27:26.676", "DEBUG", "ubuntupro.system", "load_file", 485, "Reading file: /var/lib/ubuntu-advantage/status.json", {}]
["2023-11-05T13:27:26.686", "DEBUG", "ubuntupro.system", "load_file", 485, "Reading file: /var/lib/ubuntu-advantage/private/machine-token.json", {}]
["2023-11-05T13:27:26.686", "DEBUG", "ubuntupro.files.files", "read", 55, "File does not exist: /var/lib/ubuntu-advantage/private/machine-token.json", {}]
["2023-11-05T13:28:19.192", "DEBUG", "ubuntupro.config", "parse_config", 642, "Using client configuration file at /etc/ubuntu-advantage/uaclient.conf", {}]
["2023-11-05T13:28:19.193", "DEBUG", "ubuntupro.system", "load_file", 485, "Reading file: /etc/ubuntu-advantage/uaclient.conf", {}]
["2023-11-05T13:28:19.194", "DEBUG", "ubuntupro.system", "load_file", 485, "Reading file: /var/lib/ubuntu-advantage/user-config.json", {}]
["2023-11-05T13:28:19.194", "DEBUG", "ubuntupro.files.files", "read", 55, "File does not exist: /var/lib/ubuntu-advantage/user-config.json", {}]
["2023-11-05T13:28:19.194", "DEBUG", "ubuntupro.system", "load_file", 485, "Reading file: /etc/os-release", {}]
["2023-11-05T13:28:19.213", "DEBUG", "ubuntupro.config", "parse_config", 642, "Using client configuration file at /etc/ubuntu-advantage/uaclient.conf", {}]
["2023-11-05T13:28:19.213", "DEBUG", "ubuntupro.system", "load_file", 485, "Reading file: /etc/ubuntu-advantage/uaclient.conf", {}]
["2023-11-05T13:28:19.214", "DEBUG", "ubuntupro.system", "load_file", 485, "Reading file: /var/lib/ubuntu-advantage/user-config.json", {}]
["2023-11-05T13:28:19.215", "DEBUG", "ubuntupro.files.files", "read", 55, "File does not exist: /var/lib/ubuntu-advantage/user-config.json", {}]
["2023-11-05T13:28:19.233", "DEBUG", "ubuntupro.system", "load_file", 485, "Reading file: /var/lib/ubuntu-advantage/status.json", {}]
["2023-11-05T13:28:19.241", "DEBUG", "ubuntupro.system", "load_file", 485, "Reading file: /var/lib/ubuntu-advantage/private/machine-token.json", {}]
["2023-11-05T13:28:19.242", "DEBUG", "ubuntupro.files.files", "read", 55, "File does not exist: /var/lib/ubuntu-advantage/private/machine-token.json", {}]
["2023-11-05T21:31:11.406", "DEBUG", "ubuntupro.config", "parse_config", 642, "Using client configuration file at /etc/ubuntu-advantage/uaclient.conf", {}]
["2023-11-05T21:31:11.518", "DEBUG", "ubuntupro.system", "load_file", 485, "Reading file: /etc/ubuntu-advantage/uaclient.conf", {}]
["2023-11-05T21:31:11.816", "DEBUG", "ubuntupro.system", "load_file", 485, "Reading file: /var/lib/ubuntu-advantage/user-config.json", {}]
["2023-11-05T21:31:11.816", "DEBUG", "ubuntupro.files.files", "read", 55, "File does not exist: /var/lib/ubuntu-advantage/user-config.json", {}]
["2023-11-05T21:31:11.816", "DEBUG", "ubuntupro.system", "load_file", 485, "Reading file: /etc/os-release", {}]
["2023-11-05T21:31:12.636", "DEBUG", "ubuntupro.config", "parse_config", 642, "Using client configuration file at /etc/ubuntu-advantage/uaclient.conf", {}]
["2023-11-05T21:31:12.636", "DEBUG", "ubuntupro.system", "load_file", 485, "Reading file: /etc/ubuntu-advantage/uaclient.conf", {}]
["2023-11-05T21:31:12.637", "DEBUG", "ubuntupro.system", "load_file", 485, "Reading file: /var/lib/ubuntu-advantage/user-config.json", {}]
["2023-11-05T21:31:12.637", "DEBUG", "ubuntupro.files.files", "read", 55, "File does not exist: /var/lib/ubuntu-advantage/user-config.json", {}]
["2023-11-05T21:31:13.524", "DEBUG", "ubuntupro.system", "load_file", 485, "Reading file: /var/lib/ubuntu-advantage/status.json", {}]
["2023-11-05T21:31:13.889", "DEBUG", "ubuntupro.system", "load_file", 485, "Reading file: /var/lib/ubuntu-advantage/private/machine-token.json", {}]
["2023-11-05T21:31:13.891", "DEBUG", "ubuntupro.files.files", "read", 55, "File does not exist: /var/lib/ubuntu-advantage/private/machine-token.json", {}]
["2023-11-05T21:31:35.850", "DEBUG", "ubuntupro.config", "parse_config", 642, "Using client configuration file at /etc/ubuntu-advantage/uaclient.conf", {}]
["2023-11-05T21:31:35.850", "DEBUG", "ubuntupro.system", "load_file", 485, "Reading file: /etc/ubuntu-advantage/uaclient.conf", {}]
["2023-11-05T21:31:35.851", "DEBUG", "ubuntupro.system", "load_file", 485, "Reading file: /var/lib/ubuntu-advantage/user-config.json", {}]
["2023-11-05T21:31:35.851", "DEBUG", "ubuntupro.files.files", "read", 55, "File does not exist: /var/lib/ubuntu-advantage/user-config.json", {}]
["2023-11-05T21:31:35.852", "DEBUG", "ubuntupro.system", "load_file", 485, "Reading file: /etc/os-release", {}]
["2023-11-05T21:31:35.889", "DEBUG", "ubuntupro.system", "load_file", 485, "Reading file: /var/lib/ubuntu-advantage/status.json", {}]
["2023-11-05T21:31:35.895", "DEBUG", "ubuntupro.system", "load_file", 485, "Reading file: /var/lib/ubuntu-advantage/private/machine-token.json", {}]
["2023-11-05T21:31:35.895", "DEBUG", "ubuntupro.files.files", "read", 55, "File does not exist: /var/lib/ubuntu-advantage/private/machine-token.json", {}]
["2023-11-05T21:31:35.921", "DEBUG", "ubuntupro.config", "parse_config", 642, "Using client configuration file at /etc/ubuntu-advantage/uaclient.conf", {}]
["2023-11-05T21:31:35.921", "DEBUG", "ubuntupro.system", "load_file", 485, "Reading file: /etc/ubuntu-advantage/uaclient.conf", {}]
["2023-11-05T21:31:35.922", "DEBUG", "ubuntupro.system", "load_file", 485, "Reading file: /var/lib/ubuntu-advantage/user-config.json", {}]
["2023-11-05T21:31:35.923", "DEBUG", "ubuntupro.files.files", "read", 55, "File does not exist: /var/lib/ubuntu-advantage/user-config.json", {}]
["2023-11-06T00:03:22.488", "DEBUG", "ubuntupro.config", "parse_config", 642, "Using client configuration file at /etc/ubuntu-advantage/uaclient.conf", {}]
["2023-11-06T00:03:22.561", "DEBUG", "ubuntupro.system", "load_file", 485, "Reading file: /etc/ubuntu-advantage/uaclient.conf", {}]
["2023-11-06T00:03:22.605", "DEBUG", "ubuntupro.system", "load_file", 485, "Reading file: /var/lib/ubuntu-advantage/user-config.json", {}]
["2023-11-06T00:03:22.605", "DEBUG", "ubuntupro.files.files", "read", 55, "File does not exist: /var/lib/ubuntu-advantage/user-config.json", {}]
["2023-11-06T00:03:22.606", "DEBUG", "ubuntupro.system", "load_file", 485, "Reading file: /etc/os-release", {}]
["2023-11-06T00:03:23.092", "DEBUG", "ubuntupro.config", "parse_config", 642, "Using client configuration file at /etc/ubuntu-advantage/uaclient.conf", {}]
["2023-11-06T00:03:23.092", "DEBUG", "ubuntupro.system", "load_file", 485, "Reading file: /etc/ubuntu-advantage/uaclient.conf", {}]
["2023-11-06T00:03:23.095", "DEBUG", "ubuntupro.system", "load_file", 485, "Reading file: /var/lib/ubuntu-advantage/user-config.json", {}]
["2023-11-06T00:03:23.096", "DEBUG", "ubuntupro.files.files", "read", 55, "File does not exist: /var/lib/ubuntu-advantage/user-config.json", {}]
["2023-11-06T00:03:23.254", "DEBUG", "ubuntupro.system", "load_file", 485, "Reading file: /var/lib/ubuntu-advantage/status.json", {}]
["2023-11-06T00:03:23.345", "DEBUG", "ubuntupro.system", "load_file", 485, "Reading file: /var/lib/ubuntu-advantage/private/machine-token.json", {}]
["2023-11-06T00:03:23.345", "DEBUG", "ubuntupro.files.files", "read", 55, "File does not exist: /var/lib/ubuntu-advantage/private/machine-token.json", {}]
["2023-11-06T00:03:34.777", "DEBUG", "ubuntupro.config", "parse_config", 642, "Using client configuration file at /etc/ubuntu-advantage/uaclient.conf", {}]
["2023-11-06T00:03:34.778", "DEBUG", "ubuntupro.system", "load_file", 485, "Reading file: /etc/ubuntu-advantage/uaclient.conf", {}]
["2023-11-06T00:03:34.779", "DEBUG", "ubuntupro.system", "load_file", 485, "Reading file: /var/lib/ubuntu-advantage/user-config.json", {}]
["2023-11-06T00:03:34.779", "DEBUG", "ubuntupro.files.files", "read", 55, "File does not exist: /var/lib/ubuntu-advantage/user-config.json", {}]
["2023-11-06T00:03:34.786", "DEBUG", "ubuntupro.system", "load_file", 485, "Reading file: /etc/os-release", {}]
["2023-11-06T00:03:34.797", "DEBUG", "ubuntupro.config", "parse_config", 642, "Using client configuration file at /etc/ubuntu-advantage/uaclient.conf", {}]
["2023-11-06T00:03:34.797", "DEBUG", "ubuntupro.system", "load_file", 485, "Reading file: /etc/ubuntu-advantage/uaclient.conf", {}]
["2023-11-06T00:03:34.798", "DEBUG", "ubuntupro.system", "load_file", 485, "Reading file: /var/lib/ubuntu-advantage/user-config.json", {}]
["2023-11-06T00:03:34.798", "DEBUG", "ubuntupro.files.files", "read", 55, "File does not exist: /var/lib/ubuntu-advantage/user-config.json", {}]
["2023-11-06T00:03:34.828", "DEBUG", "ubuntupro.system", "load_file", 485, "Reading file: /var/lib/ubuntu-advantage/status.json", {}]
["2023-11-06T00:03:34.834", "DEBUG", "ubuntupro.system", "load_file", 485, "Reading file: /var/lib/ubuntu-advantage/private/machine-token.json", {}]
["2023-11-06T00:03:34.834", "DEBUG", "ubuntupro.files.files", "read", 55, "File does not exist: /var/lib/ubuntu-advantage/private/machine-token.json", {}]
["2023-11-06T10:11:21.337", "DEBUG", "ubuntupro.config", "parse_config", 642, "Using client configuration file at /etc/ubuntu-advantage/uaclient.conf", {}]
["2023-11-06T10:11:21.584", "DEBUG", "ubuntupro.system", "load_file", 485, "Reading file: /etc/ubuntu-advantage/uaclient.conf", {}]
["2023-11-06T10:11:21.621", "DEBUG", "ubuntupro.system", "load_file", 485, "Reading file: /var/lib/ubuntu-advantage/user-config.json", {}]
["2023-11-06T10:11:21.622", "DEBUG", "ubuntupro.files.files", "read", 55, "File does not exist: /var/lib/ubuntu-advantage/user-config.json", {}]
["2023-11-06T10:11:21.622", "DEBUG", "ubuntupro.system", "load_file", 485, "Reading file: /etc/os-release", {}]
["2023-11-06T10:11:21.765", "DEBUG", "ubuntupro.config", "parse_config", 642, "Using client configuration file at /etc/ubuntu-advantage/uaclient.conf", {}]
["2023-11-06T10:11:21.765", "DEBUG", "ubuntupro.system", "load_file", 485, "Reading file: /etc/ubuntu-advantage/uaclient.conf", {}]
["2023-11-06T10:11:21.766", "DEBUG", "ubuntupro.system", "load_file", 485, "Reading file: /var/lib/ubuntu-advantage/user-config.json", {}]
["2023-11-06T10:11:21.767", "DEBUG", "ubuntupro.files.files", "read", 55, "File does not exist: /var/lib/ubuntu-advantage/user-config.json", {}]
["2023-11-06T10:11:22.036", "DEBUG", "ubuntupro.system", "load_file", 485, "Reading file: /var/lib/ubuntu-advantage/status.json", {}]
["2023-11-06T10:11:22.100", "DEBUG", "ubuntupro.system", "load_file", 485, "Reading file: /var/lib/ubuntu-advantage/private/machine-token.json", {}]
["2023-11-06T10:11:22.101", "DEBUG", "ubuntupro.files.files", "read", 55, "File does not exist: /var/lib/ubuntu-advantage/private/machine-token.json", {}]
["2023-11-06T10:11:45.738", "DEBUG", "ubuntupro.config", "parse_config", 642, "Using client configuration file at /etc/ubuntu-advantage/uaclient.conf", {}]
["2023-11-06T10:11:45.739", "DEBUG", "ubuntupro.system", "load_file", 485, "Reading file: /etc/ubuntu-advantage/uaclient.conf", {}]
["2023-11-06T10:11:45.740", "DEBUG", "ubuntupro.system", "load_file", 485, "Reading file: /var/lib/ubuntu-advantage/user-config.json", {}]
["2023-11-06T10:11:45.740", "DEBUG", "ubuntupro.files.files", "read", 55, "File does not exist: /var/lib/ubuntu-advantage/user-config.json", {}]
["2023-11-06T10:11:45.847", "DEBUG", "ubuntupro.config", "parse_config", 642, "Using client configuration file at /etc/ubuntu-advantage/uaclient.conf", {}]
["2023-11-06T10:11:45.849", "DEBUG", "ubuntupro.system", "load_file", 485, "Reading file: /etc/ubuntu-advantage/uaclient.conf", {}]
["2023-11-06T10:11:45.850", "DEBUG", "ubuntupro.system", "load_file", 485, "Reading file: /var/lib/ubuntu-advantage/user-config.json", {}]
["2023-11-06T10:11:45.850", "DEBUG", "ubuntupro.files.files", "read", 55, "File does not exist: /var/lib/ubuntu-advantage/user-config.json", {}]
["2023-11-06T10:11:45.851", "DEBUG", "ubuntupro.system", "load_file", 485, "Reading file: /etc/os-release", {}]
["2023-11-06T10:11:45.877", "DEBUG", "ubuntupro.system", "load_file", 485, "Reading file: /var/lib/ubuntu-advantage/status.json", {}]
["2023-11-06T10:11:45.882", "DEBUG", "ubuntupro.system", "load_file", 485, "Reading file: /var/lib/ubuntu-advantage/private/machine-token.json", {}]
["2023-11-06T10:11:45.883", "DEBUG", "ubuntupro.files.files", "read", 55, "File does not exist: /var/lib/ubuntu-advantage/private/machine-token.json", {}]
["2023-11-06T14:29:59.961", "DEBUG", "ubuntupro.config", "parse_config", 642, "Using client configuration file at /etc/ubuntu-advantage/uaclient.conf", {}]
["2023-11-06T14:30:00.174", "DEBUG", "ubuntupro.config", "parse_config", 642, "Using client configuration file at /etc/ubuntu-advantage/uaclient.conf", {}]
["2023-11-06T14:30:00.229", "DEBUG", "ubuntupro.system", "load_file", 485, "Reading file: /etc/ubuntu-advantage/uaclient.conf", {}]
["2023-11-06T14:30:00.230", "DEBUG", "ubuntupro.system", "load_file", 485, "Reading file: /etc/ubuntu-advantage/uaclient.conf", {}]
["2023-11-06T14:30:00.268", "DEBUG", "ubuntupro.system", "load_file", 485, "Reading file: /var/lib/ubuntu-advantage/user-config.json", {}]
["2023-11-06T14:30:00.268", "DEBUG", "ubuntupro.files.files", "read", 55, "File does not exist: /var/lib/ubuntu-advantage/user-config.json", {}]
["2023-11-06T14:30:00.268", "DEBUG", "ubuntupro.system", "load_file", 485, "Reading file: /etc/os-release", {}]
["2023-11-06T14:30:00.274", "DEBUG", "ubuntupro.system", "load_file", 485, "Reading file: /var/lib/ubuntu-advantage/user-config.json", {}]
["2023-11-06T14:30:00.275", "DEBUG", "ubuntupro.files.files", "read", 55, "File does not exist: /var/lib/ubuntu-advantage/user-config.json", {}]
["2023-11-06T14:30:00.352", "DEBUG", "ubuntupro.system", "load_file", 485, "Reading file: /var/lib/ubuntu-advantage/private/machine-token.json", {}]
["2023-11-06T14:30:00.352", "DEBUG", "ubuntupro.files.files", "read", 55, "File does not exist: /var/lib/ubuntu-advantage/private/machine-token.json", {}]
["2023-11-06T14:30:01.001", "DEBUG", "ubuntupro.system", "load_file", 485, "Reading file: /var/lib/ubuntu-advantage/status.json", {}]
["2023-11-06T14:30:01.079", "DEBUG", "ubuntupro.system", "load_file", 485, "Reading file: /var/lib/ubuntu-advantage/private/machine-token.json", {}]
["2023-11-06T14:30:01.080", "DEBUG", "ubuntupro.files.files", "read", 55, "File does not exist: /var/lib/ubuntu-advantage/private/machine-token.json", {}]
["2023-11-06T14:30:11.777", "DEBUG", "ubuntupro.system", "load_file", 485, "Reading file: /run/ubuntu-advantage//aptnews.json", {}]
["2023-11-06T14:30:11.783", "DEBUG", "ubuntupro.apt_news", "select_message", 143, "msg dates don't apply: AptNewsMessage{'begin': datetime.datetime(2023, 10, 6, 0, 0, tzinfo=datetime.timezone.utc), 'end': None, 'selectors': None, 'lines': ['Canonical released microcode updates for both Intel (CVE-2022-40982) and AMD', '(CVE-2023-20593). \u2018Unattended upgrades\u2019 provide security updates by default.', 'Ensure it remains enabled to always get all updates as they become available.']}", {}]
["2023-11-06T14:30:11.784", "DEBUG", "ubuntupro.apt_news", "fetch_and_process_apt_news", 169, "using msg: None", {}]
["2023-11-06T14:30:11.784", "DEBUG", "ubuntupro.system", "ensure_file_absent", 544, "Removing file: /var/lib/ubuntu-advantage/messages/apt-news", {}]
["2023-11-06T14:30:11.807", "DEBUG", "ubuntupro.system", "ensure_file_absent", 544, "Removing file: /var/lib/ubuntu-advantage/messages/apt-news-raw", {}]
["2023-11-06T14:30:13.248", "DEBUG", "ubuntupro.config", "parse_config", 642, "Using client configuration file at /etc/ubuntu-advantage/uaclient.conf", {}]
["2023-11-06T14:30:13.248", "DEBUG", "ubuntupro.system", "load_file", 485, "Reading file: /etc/ubuntu-advantage/uaclient.conf", {}]
["2023-11-06T14:30:13.249", "DEBUG", "ubuntupro.system", "load_file", 485, "Reading file: /var/lib/ubuntu-advantage/user-config.json", {}]
["2023-11-06T14:30:13.250", "DEBUG", "ubuntupro.files.files", "read", 55, "File does not exist: /var/lib/ubuntu-advantage/user-config.json", {}]
["2023-11-06T14:30:13.250", "DEBUG", "ubuntupro.system", "load_file", 485, "Reading file: /var/lib/ubuntu-advantage/private/machine-token.json", {}]
["2023-11-06T14:30:13.250", "DEBUG", "ubuntupro.files.files", "read", 55, "File does not exist: /var/lib/ubuntu-advantage/private/machine-token.json", {}]
["2023-11-06T14:30:13.319", "DEBUG", "ubuntupro.config", "parse_config", 642, "Using client configuration file at /etc/ubuntu-advantage/uaclient.conf", {}]
["2023-11-06T14:30:13.320", "DEBUG", "ubuntupro.system", "load_file", 485, "Reading file: /etc/ubuntu-advantage/uaclient.conf", {}]
["2023-11-06T14:30:13.321", "DEBUG", "ubuntupro.system", "load_file", 485, "Reading file: /var/lib/ubuntu-advantage/user-config.json", {}]
["2023-11-06T14:30:13.321", "DEBUG", "ubuntupro.files.files", "read", 55, "File does not exist: /var/lib/ubuntu-advantage/user-config.json", {}]
["2023-11-06T14:30:13.322", "DEBUG", "ubuntupro.system", "load_file", 485, "Reading file: /etc/os-release", {}]
["2023-11-06T14:30:13.392", "DEBUG", "ubuntupro.system", "load_file", 485, "Reading file: /var/lib/ubuntu-advantage/status.json", {}]
["2023-11-06T14:30:13.398", "DEBUG", "ubuntupro.system", "load_file", 485, "Reading file: /var/lib/ubuntu-advantage/private/machine-token.json", {}]
["2023-11-06T14:30:13.399", "DEBUG", "ubuntupro.files.files", "read", 55, "File does not exist: /var/lib/ubuntu-advantage/private/machine-token.json", {}]
["2023-11-06T14:30:23.277", "DEBUG", "ubuntupro.system", "load_file", 485, "Reading file: /run/ubuntu-advantage//aptnews.json", {}]
["2023-11-06T14:30:23.286", "DEBUG", "ubuntupro.apt_news", "select_message", 143, "msg dates don't apply: AptNewsMessage{'begin': datetime.datetime(2023, 10, 6, 0, 0, tzinfo=datetime.timezone.utc), 'end': None, 'selectors': None, 'lines': ['Canonical released microcode updates for both Intel (CVE-2022-40982) and AMD', '(CVE-2023-20593). \u2018Unattended upgrades\u2019 provide security updates by default.', 'Ensure it remains enabled to always get all updates as they become available.']}", {}]
["2023-11-06T14:30:23.287", "DEBUG", "ubuntupro.apt_news", "fetch_and_process_apt_news", 169, "using msg: None", {}]
["2023-11-06T14:30:23.287", "DEBUG", "ubuntupro.system", "ensure_file_absent", 544, "Removing file: /var/lib/ubuntu-advantage/messages/apt-news", {}]
["2023-11-06T14:30:23.287", "DEBUG", "ubuntupro.system", "ensure_file_absent", 547, "File does not exist: /var/lib/ubuntu-advantage/messages/apt-news", {}]
["2023-11-06T14:30:23.287", "DEBUG", "ubuntupro.system", "ensure_file_absent", 544, "Removing file: /var/lib/ubuntu-advantage/messages/apt-news-raw", {}]
["2023-11-06T14:30:23.287", "DEBUG", "ubuntupro.system", "ensure_file_absent", 547, "File does not exist: /var/lib/ubuntu-advantage/messages/apt-news-raw", {}]
["2023-11-06T15:30:03.506", "DEBUG", "ubuntupro.config", "parse_config", 642, "Using client configuration file at /etc/ubuntu-advantage/uaclient.conf", {}]
["2023-11-06T15:30:03.506", "DEBUG", "ubuntupro.system", "load_file", 485, "Reading file: /etc/ubuntu-advantage/uaclient.conf", {}]
["2023-11-06T15:30:03.508", "DEBUG", "ubuntupro.system", "load_file", 485, "Reading file: /var/lib/ubuntu-advantage/user-config.json", {}]
["2023-11-06T15:30:03.508", "DEBUG", "ubuntupro.files.files", "read", 55, "File does not exist: /var/lib/ubuntu-advantage/user-config.json", {}]
["2023-11-06T15:30:03.508", "DEBUG", "ubuntupro.system", "load_file", 485, "Reading file: /etc/os-release", {}]
["2023-11-06T15:30:03.534", "DEBUG", "ubuntupro.system", "load_file", 485, "Reading file: /var/lib/ubuntu-advantage/status.json", {}]
["2023-11-06T15:30:03.539", "DEBUG", "ubuntupro.system", "load_file", 485, "Reading file: /var/lib/ubuntu-advantage/private/machine-token.json", {}]
["2023-11-06T15:30:03.540", "DEBUG", "ubuntupro.files.files", "read", 55, "File does not exist: /var/lib/ubuntu-advantage/private/machine-token.json", {}]
["2023-11-06T15:30:03.602", "DEBUG", "ubuntupro.config", "parse_config", 642, "Using client configuration file at /etc/ubuntu-advantage/uaclient.conf", {}]
["2023-11-06T15:30:03.602", "DEBUG", "ubuntupro.system", "load_file", 485, "Reading file: /etc/ubuntu-advantage/uaclient.conf", {}]
["2023-11-06T15:30:03.603", "DEBUG", "ubuntupro.system", "load_file", 485, "Reading file: /var/lib/ubuntu-advantage/user-config.json", {}]
["2023-11-06T15:30:03.603", "DEBUG", "ubuntupro.files.files", "read", 55, "File does not exist: /var/lib/ubuntu-advantage/user-config.json", {}]
["2023-11-06T15:30:03.621", "DEBUG", "ubuntupro.system", "load_file", 485, "Reading file: /var/lib/ubuntu-advantage/private/machine-token.json", {}]
["2023-11-06T15:30:03.622", "DEBUG", "ubuntupro.files.files", "read", 55, "File does not exist: /var/lib/ubuntu-advantage/private/machine-token.json", {}]
["2023-11-06T15:30:09.691", "DEBUG", "ubuntupro.system", "load_file", 485, "Reading file: /run/ubuntu-advantage//aptnews.json", {}]
["2023-11-06T15:30:09.695", "DEBUG", "ubuntupro.apt_news", "select_message", 143, "msg dates don't apply: AptNewsMessage{'begin': datetime.datetime(2023, 10, 6, 0, 0, tzinfo=datetime.timezone.utc), 'end': None, 'selectors': None, 'lines': ['Canonical released microcode updates for both Intel (CVE-2022-40982) and AMD', '(CVE-2023-20593). \u2018Unattended upgrades\u2019 provide security updates by default.', 'Ensure it remains enabled to always get all updates as they become available.']}", {}]
["2023-11-06T15:30:09.697", "DEBUG", "ubuntupro.apt_news", "fetch_and_process_apt_news", 169, "using msg: None", {}]
["2023-11-06T15:30:09.698", "DEBUG", "ubuntupro.system", "ensure_file_absent", 544, "Removing file: /var/lib/ubuntu-advantage/messages/apt-news", {}]
["2023-11-06T15:30:09.698", "DEBUG", "ubuntupro.system", "ensure_file_absent", 547, "File does not exist: /var/lib/ubuntu-advantage/messages/apt-news", {}]
["2023-11-06T15:30:09.698", "DEBUG", "ubuntupro.system", "ensure_file_absent", 544, "Removing file: /var/lib/ubuntu-advantage/messages/apt-news-raw", {}]
["2023-11-06T15:30:09.698", "DEBUG", "ubuntupro.system", "ensure_file_absent", 547, "File does not exist: /var/lib/ubuntu-advantage/messages/apt-news-raw", {}]
["2023-11-06T15:30:36.906", "DEBUG", "ubuntupro.config", "parse_config", 642, "Using client configuration file at /etc/ubuntu-advantage/uaclient.conf", {}]
["2023-11-06T15:30:36.907", "DEBUG", "ubuntupro.system", "load_file", 485, "Reading file: /etc/ubuntu-advantage/uaclient.conf", {}]
["2023-11-06T15:30:36.908", "DEBUG", "ubuntupro.system", "load_file", 485, "Reading file: /var/lib/ubuntu-advantage/user-config.json", {}]
["2023-11-06T15:30:36.911", "DEBUG", "ubuntupro.files.files", "read", 55, "File does not exist: /var/lib/ubuntu-advantage/user-config.json", {}]
["2023-11-06T15:30:36.911", "DEBUG", "ubuntupro.system", "load_file", 485, "Reading file: /etc/os-release", {}]
["2023-11-06T15:30:36.961", "DEBUG", "ubuntupro.system", "load_file", 485, "Reading file: /var/lib/ubuntu-advantage/status.json", {}]
["2023-11-06T15:30:36.970", "DEBUG", "ubuntupro.system", "load_file", 485, "Reading file: /var/lib/ubuntu-advantage/private/machine-token.json", {}]
["2023-11-06T15:30:36.971", "DEBUG", "ubuntupro.files.files", "read", 55, "File does not exist: /var/lib/ubuntu-advantage/private/machine-token.json", {}]
["2023-11-06T15:30:37.057", "DEBUG", "ubuntupro.config", "parse_config", 642, "Using client configuration file at /etc/ubuntu-advantage/uaclient.conf", {}]
["2023-11-06T15:30:37.057", "DEBUG", "ubuntupro.system", "load_file", 485, "Reading file: /etc/ubuntu-advantage/uaclient.conf", {}]
["2023-11-06T15:30:37.063", "DEBUG", "ubuntupro.system", "load_file", 485, "Reading file: /var/lib/ubuntu-advantage/user-config.json", {}]
["2023-11-06T15:30:37.064", "DEBUG", "ubuntupro.files.files", "read", 55, "File does not exist: /var/lib/ubuntu-advantage/user-config.json", {}]
["2023-11-06T15:31:03.448", "DEBUG", "ubuntupro.config", "parse_config", 642, "Using client configuration file at /etc/ubuntu-advantage/uaclient.conf", {}]
["2023-11-06T15:31:03.448", "DEBUG", "ubuntupro.system", "load_file", 485, "Reading file: /etc/ubuntu-advantage/uaclient.conf", {}]
["2023-11-06T15:31:03.455", "DEBUG", "ubuntupro.system", "load_file", 485, "Reading file: /var/lib/ubuntu-advantage/user-config.json", {}]
["2023-11-06T15:31:03.455", "DEBUG", "ubuntupro.files.files", "read", 55, "File does not exist: /var/lib/ubuntu-advantage/user-config.json", {}]
["2023-11-06T15:31:03.488", "DEBUG", "ubuntupro.config", "parse_config", 642, "Using client configuration file at /etc/ubuntu-advantage/uaclient.conf", {}]
["2023-11-06T15:31:03.502", "DEBUG", "ubuntupro.system", "load_file", 485, "Reading file: /etc/ubuntu-advantage/uaclient.conf", {}]
["2023-11-06T15:31:03.510", "DEBUG", "ubuntupro.system", "load_file", 485, "Reading file: /var/lib/ubuntu-advantage/user-config.json", {}]
["2023-11-06T15:31:03.510", "DEBUG", "ubuntupro.files.files", "read", 55, "File does not exist: /var/lib/ubuntu-advantage/user-config.json", {}]
["2023-11-06T15:31:03.511", "DEBUG", "ubuntupro.system", "load_file", 485, "Reading file: /etc/os-release", {}]
["2023-11-06T15:31:03.654", "DEBUG", "ubuntupro.system", "load_file", 485, "Reading file: /var/lib/ubuntu-advantage/status.json", {}]
["2023-11-06T15:31:03.668", "DEBUG", "ubuntupro.system", "load_file", 485, "Reading file: /var/lib/ubuntu-advantage/private/machine-token.json", {}]
["2023-11-06T15:31:03.672", "DEBUG", "ubuntupro.files.files", "read", 55, "File does not exist: /var/lib/ubuntu-advantage/private/machine-token.json", {}]
["2023-11-06T15:31:26.570", "DEBUG", "ubuntupro.config", "parse_config", 642, "Using client configuration file at /etc/ubuntu-advantage/uaclient.conf", {}]
["2023-11-06T15:31:26.570", "DEBUG", "ubuntupro.system", "load_file", 485, "Reading file: /etc/ubuntu-advantage/uaclient.conf", {}]
["2023-11-06T15:31:26.572", "DEBUG", "ubuntupro.system", "load_file", 485, "Reading file: /var/lib/ubuntu-advantage/user-config.json", {}]
["2023-11-06T15:31:26.572", "DEBUG", "ubuntupro.files.files", "read", 55, "File does not exist: /var/lib/ubuntu-advantage/user-config.json", {}]
["2023-11-06T15:31:26.573", "DEBUG", "ubuntupro.system", "load_file", 485, "Reading file: /etc/os-release", {}]
["2023-11-06T15:31:26.607", "DEBUG", "ubuntupro.config", "parse_config", 642, "Using client configuration file at /etc/ubuntu-advantage/uaclient.conf", {}]
["2023-11-06T15:31:26.607", "DEBUG", "ubuntupro.system", "load_file", 485, "Reading file: /etc/ubuntu-advantage/uaclient.conf", {}]
["2023-11-06T15:31:26.630", "DEBUG", "ubuntupro.system", "load_file", 485, "Reading file: /var/lib/ubuntu-advantage/user-config.json", {}]
["2023-11-06T15:31:26.631", "DEBUG", "ubuntupro.files.files", "read", 55, "File does not exist: /var/lib/ubuntu-advantage/user-config.json", {}]
["2023-11-06T15:31:26.793", "DEBUG", "ubuntupro.system", "load_file", 485, "Reading file: /var/lib/ubuntu-advantage/status.json", {}]
["2023-11-06T15:31:26.827", "DEBUG", "ubuntupro.system", "load_file", 485, "Reading file: /var/lib/ubuntu-advantage/private/machine-token.json", {}]
["2023-11-06T15:31:26.850", "DEBUG", "ubuntupro.files.files", "read", 55, "File does not exist: /var/lib/ubuntu-advantage/private/machine-token.json", {}]
["2023-11-07T02:56:28.959", "DEBUG", "ubuntupro.config", "parse_config", 642, "Using client configuration file at /etc/ubuntu-advantage/uaclient.conf", {}]
["2023-11-07T02:56:29.057", "DEBUG", "ubuntupro.system", "load_file", 485, "Reading file: /etc/ubuntu-advantage/uaclient.conf", {}]
["2023-11-07T02:56:29.094", "DEBUG", "ubuntupro.system", "load_file", 485, "Reading file: /var/lib/ubuntu-advantage/user-config.json", {}]
["2023-11-07T02:56:29.095", "DEBUG", "ubuntupro.files.files", "read", 55, "File does not exist: /var/lib/ubuntu-advantage/user-config.json", {}]
["2023-11-07T02:56:29.095", "DEBUG", "ubuntupro.system", "load_file", 485, "Reading file: /etc/os-release", {}]
["2023-11-07T02:56:29.258", "DEBUG", "ubuntupro.config", "parse_config", 642, "Using client configuration file at /etc/ubuntu-advantage/uaclient.conf", {}]
["2023-11-07T02:56:29.258", "DEBUG", "ubuntupro.system", "load_file", 485, "Reading file: /etc/ubuntu-advantage/uaclient.conf", {}]
["2023-11-07T02:56:29.259", "DEBUG", "ubuntupro.system", "load_file", 485, "Reading file: /var/lib/ubuntu-advantage/user-config.json", {}]
["2023-11-07T02:56:29.259", "DEBUG", "ubuntupro.files.files", "read", 55, "File does not exist: /var/lib/ubuntu-advantage/user-config.json", {}]
["2023-11-07T02:56:29.517", "DEBUG", "ubuntupro.system", "load_file", 485, "Reading file: /var/lib/ubuntu-advantage/status.json", {}]
["2023-11-07T02:56:29.571", "DEBUG", "ubuntupro.system", "load_file", 485, "Reading file: /var/lib/ubuntu-advantage/private/machine-token.json", {}]
["2023-11-07T02:56:29.572", "DEBUG", "ubuntupro.files.files", "read", 55, "File does not exist: /var/lib/ubuntu-advantage/private/machine-token.json", {}]
["2023-11-07T02:57:35.885", "DEBUG", "ubuntupro.config", "parse_config", 642, "Using client configuration file at /etc/ubuntu-advantage/uaclient.conf", {}]
["2023-11-07T02:57:35.888", "DEBUG", "ubuntupro.system", "load_file", 485, "Reading file: /etc/ubuntu-advantage/uaclient.conf", {}]
["2023-11-07T02:57:35.892", "DEBUG", "ubuntupro.system", "load_file", 485, "Reading file: /var/lib/ubuntu-advantage/user-config.json", {}]
["2023-11-07T02:57:35.895", "DEBUG", "ubuntupro.files.files", "read", 55, "File does not exist: /var/lib/ubuntu-advantage/user-config.json", {}]
["2023-11-07T02:57:35.897", "DEBUG", "ubuntupro.system", "load_file", 485, "Reading file: /etc/os-release", {}]
["2023-11-07T02:57:35.969", "DEBUG", "ubuntupro.system", "load_file", 485, "Reading file: /var/lib/ubuntu-advantage/status.json", {}]
["2023-11-07T02:57:36.000", "DEBUG", "ubuntupro.system", "load_file", 485, "Reading file: /var/lib/ubuntu-advantage/private/machine-token.json", {}]
["2023-11-07T02:57:36.011", "DEBUG", "ubuntupro.files.files", "read", 55, "File does not exist: /var/lib/ubuntu-advantage/private/machine-token.json", {}]
["2023-11-07T02:57:36.141", "DEBUG", "ubuntupro.config", "parse_config", 642, "Using client configuration file at /etc/ubuntu-advantage/uaclient.conf", {}]
["2023-11-07T02:57:36.150", "DEBUG", "ubuntupro.system", "load_file", 485, "Reading file: /etc/ubuntu-advantage/uaclient.conf", {}]
["2023-11-07T02:57:36.152", "DEBUG", "ubuntupro.system", "load_file", 485, "Reading file: /var/lib/ubuntu-advantage/user-config.json", {}]
["2023-11-07T02:57:36.152", "DEBUG", "ubuntupro.files.files", "read", 55, "File does not exist: /var/lib/ubuntu-advantage/user-config.json", {}]
["2023-11-07T08:02:02.663", "DEBUG", "ubuntupro.config", "parse_config", 642, "Using client configuration file at /etc/ubuntu-advantage/uaclient.conf", {}]
["2023-11-07T08:02:02.805", "DEBUG", "ubuntupro.system", "load_file", 485, "Reading file: /etc/ubuntu-advantage/uaclient.conf", {}]
["2023-11-07T08:02:02.977", "DEBUG", "ubuntupro.system", "load_file", 485, "Reading file: /var/lib/ubuntu-advantage/user-config.json", {}]
["2023-11-07T08:02:02.977", "DEBUG", "ubuntupro.files.files", "read", 55, "File does not exist: /var/lib/ubuntu-advantage/user-config.json", {}]
["2023-11-07T08:02:02.978", "DEBUG", "ubuntupro.system", "load_file", 485, "Reading file: /etc/os-release", {}]
["2023-11-07T08:02:03.017", "DEBUG", "ubuntupro.config", "parse_config", 642, "Using client configuration file at /etc/ubuntu-advantage/uaclient.conf", {}]
["2023-11-07T08:02:03.017", "DEBUG", "ubuntupro.system", "load_file", 485, "Reading file: /etc/ubuntu-advantage/uaclient.conf", {}]
["2023-11-07T08:02:03.018", "DEBUG", "ubuntupro.system", "load_file", 485, "Reading file: /var/lib/ubuntu-advantage/user-config.json", {}]
["2023-11-07T08:02:03.018", "DEBUG", "ubuntupro.files.files", "read", 55, "File does not exist: /var/lib/ubuntu-advantage/user-config.json", {}]
["2023-11-07T08:02:03.303", "DEBUG", "ubuntupro.system", "load_file", 485, "Reading file: /var/lib/ubuntu-advantage/status.json", {}]
["2023-11-07T08:02:03.385", "DEBUG", "ubuntupro.system", "load_file", 485, "Reading file: /var/lib/ubuntu-advantage/private/machine-token.json", {}]
["2023-11-07T08:02:03.386", "DEBUG", "ubuntupro.files.files", "read", 55, "File does not exist: /var/lib/ubuntu-advantage/private/machine-token.json", {}]
["2023-11-07T08:02:16.319", "DEBUG", "ubuntupro.config", "parse_config", 642, "Using client configuration file at /etc/ubuntu-advantage/uaclient.conf", {}]
["2023-11-07T08:02:16.320", "DEBUG", "ubuntupro.system", "load_file", 485, "Reading file: /etc/ubuntu-advantage/uaclient.conf", {}]
["2023-11-07T08:02:16.321", "DEBUG", "ubuntupro.system", "load_file", 485, "Reading file: /var/lib/ubuntu-advantage/user-config.json", {}]
["2023-11-07T08:02:16.321", "DEBUG", "ubuntupro.files.files", "read", 55, "File does not exist: /var/lib/ubuntu-advantage/user-config.json", {}]
["2023-11-07T08:02:22.922", "WARNING", "ubuntupro.apt", "update_esm_caches", 760, "Failed to fetch the ESM Apt Cache", {}]
["2023-11-07T10:08:50.121", "DEBUG", "ubuntupro.config", "parse_config", 642, "Using client configuration file at /etc/ubuntu-advantage/uaclient.conf", {}]
["2023-11-07T10:08:50.121", "DEBUG", "ubuntupro.system", "load_file", 485, "Reading file: /etc/ubuntu-advantage/uaclient.conf", {}]
["2023-11-07T10:08:50.122", "DEBUG", "ubuntupro.system", "load_file", 485, "Reading file: /var/lib/ubuntu-advantage/user-config.json", {}]
["2023-11-07T10:08:50.122", "DEBUG", "ubuntupro.files.files", "read", 55, "File does not exist: /var/lib/ubuntu-advantage/user-config.json", {}]
["2023-11-07T10:08:50.128", "DEBUG", "ubuntupro.config", "parse_config", 642, "Using client configuration file at /etc/ubuntu-advantage/uaclient.conf", {}]
["2023-11-07T10:08:50.128", "DEBUG", "ubuntupro.system", "load_file", 485, "Reading file: /etc/ubuntu-advantage/uaclient.conf", {}]
["2023-11-07T10:08:50.129", "DEBUG", "ubuntupro.system", "load_file", 485, "Reading file: /var/lib/ubuntu-advantage/user-config.json", {}]
["2023-11-07T10:08:50.129", "DEBUG", "ubuntupro.files.files", "read", 55, "File does not exist: /var/lib/ubuntu-advantage/user-config.json", {}]
["2023-11-07T10:08:50.138", "DEBUG", "ubuntupro.system", "load_file", 485, "Reading file: /etc/os-release", {}]
["2023-11-07T10:08:50.185", "DEBUG", "ubuntupro.system", "load_file", 485, "Reading file: /var/lib/ubuntu-advantage/status.json", {}]
["2023-11-07T10:08:50.191", "DEBUG", "ubuntupro.system", "load_file", 485, "Reading file: /var/lib/ubuntu-advantage/private/machine-token.json", {}]
["2023-11-07T10:08:50.192", "DEBUG", "ubuntupro.files.files", "read", 55, "File does not exist: /var/lib/ubuntu-advantage/private/machine-token.json", {}]
["2023-11-07T10:08:57.245", "WARNING", "ubuntupro.apt", "update_esm_caches", 760, "Failed to fetch the ESM Apt Cache", {}]
["2023-11-07T10:19:24.066", "DEBUG", "ubuntupro.config", "parse_config", 642, "Using client configuration file at /etc/ubuntu-advantage/uaclient.conf", {}]
["2023-11-07T10:19:24.069", "DEBUG", "ubuntupro.config", "parse_config", 642, "Using client configuration file at /etc/ubuntu-advantage/uaclient.conf", {}]
["2023-11-07T10:19:24.069", "DEBUG", "ubuntupro.system", "load_file", 485, "Reading file: /etc/ubuntu-advantage/uaclient.conf", {}]
["2023-11-07T10:19:24.070", "DEBUG", "ubuntupro.system", "load_file", 485, "Reading file: /etc/ubuntu-advantage/uaclient.conf", {}]
["2023-11-07T10:19:24.070", "DEBUG", "ubuntupro.system", "load_file", 485, "Reading file: /var/lib/ubuntu-advantage/user-config.json", {}]
["2023-11-07T10:19:24.070", "DEBUG", "ubuntupro.files.files", "read", 55, "File does not exist: /var/lib/ubuntu-advantage/user-config.json", {}]
["2023-11-07T10:19:24.071", "DEBUG", "ubuntupro.system", "load_file", 485, "Reading file: /etc/os-release", {}]
["2023-11-07T10:19:24.071", "DEBUG", "ubuntupro.system", "load_file", 485, "Reading file: /var/lib/ubuntu-advantage/user-config.json", {}]
["2023-11-07T10:19:24.071", "DEBUG", "ubuntupro.files.files", "read", 55, "File does not exist: /var/lib/ubuntu-advantage/user-config.json", {}]
["2023-11-07T10:19:24.097", "DEBUG", "ubuntupro.system", "load_file", 485, "Reading file: /var/lib/ubuntu-advantage/status.json", {}]
["2023-11-07T10:19:24.102", "DEBUG", "ubuntupro.system", "load_file", 485, "Reading file: /var/lib/ubuntu-advantage/private/machine-token.json", {}]
["2023-11-07T10:19:24.103", "DEBUG", "ubuntupro.files.files", "read", 55, "File does not exist: /var/lib/ubuntu-advantage/private/machine-token.json", {}]
["2023-11-07T10:19:31.196", "WARNING", "ubuntupro.apt", "update_esm_caches", 760, "Failed to fetch the ESM Apt Cache", {}]
["2023-11-07T10:26:11.759", "DEBUG", "ubuntupro.config", "parse_config", 642, "Using client configuration file at /etc/ubuntu-advantage/uaclient.conf", {}]
["2023-11-07T10:26:11.759", "DEBUG", "ubuntupro.system", "load_file", 485, "Reading file: /etc/ubuntu-advantage/uaclient.conf", {}]
["2023-11-07T10:26:11.761", "DEBUG", "ubuntupro.system", "load_file", 485, "Reading file: /var/lib/ubuntu-advantage/user-config.json", {}]
["2023-11-07T10:26:11.761", "DEBUG", "ubuntupro.files.files", "read", 55, "File does not exist: /var/lib/ubuntu-advantage/user-config.json", {}]
["2023-11-07T10:26:11.829", "DEBUG", "ubuntupro.config", "parse_config", 642, "Using client configuration file at /etc/ubuntu-advantage/uaclient.conf", {}]
["2023-11-07T10:26:11.829", "DEBUG", "ubuntupro.system", "load_file", 485, "Reading file: /etc/ubuntu-advantage/uaclient.conf", {}]
["2023-11-07T10:26:11.830", "DEBUG", "ubuntupro.system", "load_file", 485, "Reading file: /var/lib/ubuntu-advantage/user-config.json", {}]
["2023-11-07T10:26:11.830", "DEBUG", "ubuntupro.files.files", "read", 55, "File does not exist: /var/lib/ubuntu-advantage/user-config.json", {}]
["2023-11-07T10:26:11.831", "DEBUG", "ubuntupro.system", "load_file", 485, "Reading file: /etc/os-release", {}]
["2023-11-07T10:26:11.857", "DEBUG", "ubuntupro.system", "load_file", 485, "Reading file: /var/lib/ubuntu-advantage/status.json", {}]
["2023-11-07T10:26:11.863", "DEBUG", "ubuntupro.system", "load_file", 485, "Reading file: /var/lib/ubuntu-advantage/private/machine-token.json", {}]
["2023-11-07T10:26:11.863", "DEBUG", "ubuntupro.files.files", "read", 55, "File does not exist: /var/lib/ubuntu-advantage/private/machine-token.json", {}]
["2023-11-07T10:26:18.939", "WARNING", "ubuntupro.apt", "update_esm_caches", 760, "Failed to fetch the ESM Apt Cache", {}]
